#
# There is insufficient memory for the Java Runtime Environment to continue.
# Native memory allocation (malloc) failed to allocate 1090688 bytes for Chunk::new
# Possible reasons:
#   The system is out of physical RAM or swap space
#   The process is running with CompressedOops enabled, and the Java Heap may be blocking the growth of the native heap
# Possible solutions:
#   Reduce memory load on the system
#   Increase physical memory or swap space
#   Check if swap backing store is full
#   Decrease Java heap size (-Xmx/-Xms)
#   Decrease number of Java threads
#   Decrease Java thread stack sizes (-Xss)
#   Set larger code cache with -XX:ReservedCodeCacheSize=
#   JVM is running with Unscaled Compressed Oops mode in which the Java heap is
#     placed in the first 4GB address space. The Java Heap base address is the
#     maximum limit for the native heap growth. Please use -XX:HeapBaseMinAddress
#     to set the Java Heap base and to place the Java Heap above 4GB virtual address.
# This output file may be truncated or incomplete.
#
#  Out of Memory Error (arena.cpp:191), pid=28836, tid=840
#
# JRE version: OpenJDK Runtime Environment Corretto-17.0.10.7.1 (17.0.10+7) (build 17.0.10+7-LTS)
# Java VM: OpenJDK 64-Bit Server VM Corretto-17.0.10.7.1 (17.0.10+7-LTS, mixed mode, sharing, tiered, compressed oops, compressed class ptrs, g1 gc, windows-amd64)
# No core dump will be written. Minidumps are not enabled by default on client versions of Windows
#

---------------  S U M M A R Y ------------

Command Line: --add-opens=java.base/java.util=ALL-UNNAMED --add-opens=java.base/java.lang=ALL-UNNAMED --add-opens=java.base/java.lang.invoke=ALL-UNNAMED --add-opens=java.prefs/java.util.prefs=ALL-UNNAMED --add-opens=java.base/java.nio.charset=ALL-UNNAMED --add-opens=java.base/java.net=ALL-UNNAMED --add-opens=java.base/java.util.concurrent.atomic=ALL-UNNAMED -Xmx2048m -Dfile.encoding=UTF-8 -Duser.country=RU -Duser.language=ru -Duser.variant org.gradle.launcher.daemon.bootstrap.GradleDaemon 8.0

Host: AMD Ryzen 3 3250U with Radeon Graphics         , 4 cores, 5G,  Windows 11 , 64 bit Build 22621 (10.0.22621.2506)
Time: Thu Feb 29 16:54:44 2024  Windows 11 , 64 bit Build 22621 (10.0.22621.2506) elapsed time: 25.846346 seconds (0d 0h 0m 25s)

---------------  T H R E A D  ---------------

Current thread (0x0000019b3fdd1d60):  JavaThread "C2 CompilerThread0" daemon [_thread_in_native, id=840, stack(0x000000021a500000,0x000000021a600000)]


Current CompileTask:
C2:  25846 5053       4       org.jetbrains.kotlin.com.intellij.openapi.vfs.impl.ZipHandlerBase::getOrCreate (305 bytes)

Stack: [0x000000021a500000,0x000000021a600000]
Native frames: (J=compiled Java code, j=interpreted, Vv=VM code, C=native code)
V  [jvm.dll+0x67d2c9]
V  [jvm.dll+0x834b1a]
V  [jvm.dll+0x8365de]
V  [jvm.dll+0x836c43]
V  [jvm.dll+0x2477ff]
V  [jvm.dll+0xac514]
V  [jvm.dll+0xacb5c]
V  [jvm.dll+0x3667d7]
V  [jvm.dll+0x1bcf72]
V  [jvm.dll+0x21a049]
V  [jvm.dll+0x219311]
V  [jvm.dll+0x1a502d]
V  [jvm.dll+0x2290de]
V  [jvm.dll+0x2272ac]
V  [jvm.dll+0x7e9bd7]
V  [jvm.dll+0x7e3fda]
V  [jvm.dll+0x67c1b5]
C  [ucrtbase.dll+0x29363]
C  [KERNEL32.DLL+0x1257d]
C  [ntdll.dll+0x5aa58]


---------------  P R O C E S S  ---------------

Threads class SMR info:
_java_thread_list=0x0000019b883d69f0, length=38, elements={
0x0000019b22208fc0, 0x0000019b3fdb5aa0, 0x0000019b3fdb6920, 0x0000019b3fdcc550,
0x0000019b3fdcd110, 0x0000019b3fdd01f0, 0x0000019b3fdd0bb0, 0x0000019b3fdd1d60,
0x0000019b3fde1170, 0x0000019b3fe01b80, 0x0000019b8512ada0, 0x0000019b8512d8b0,
0x0000019b867c3ea0, 0x0000019b854c5650, 0x0000019b866dae40, 0x0000019b85027100,
0x0000019b866d13a0, 0x0000019b85b8d5d0, 0x0000019b85b8dab0, 0x0000019b86982a60,
0x0000019b86980c00, 0x0000019b86981110, 0x0000019b86982f70, 0x0000019b8697f7c0,
0x0000019b86981620, 0x0000019b86982040, 0x0000019b86981b30, 0x0000019b8697fcd0,
0x0000019b869801e0, 0x0000019b869806f0, 0x0000019b8534dcf0, 0x0000019b8534e710,
0x0000019b8534c8b0, 0x0000019b8534b980, 0x0000019b85349610, 0x0000019b8534be90,
0x0000019b8534c3a0, 0x0000019b85349b20
}

Java Threads: ( => current thread )
  0x0000019b22208fc0 JavaThread "main" [_thread_blocked, id=28284, stack(0x0000000219800000,0x0000000219900000)]
  0x0000019b3fdb5aa0 JavaThread "Reference Handler" daemon [_thread_blocked, id=17724, stack(0x0000000219f00000,0x000000021a000000)]
  0x0000019b3fdb6920 JavaThread "Finalizer" daemon [_thread_blocked, id=26320, stack(0x000000021a000000,0x000000021a100000)]
  0x0000019b3fdcc550 JavaThread "Signal Dispatcher" daemon [_thread_blocked, id=20088, stack(0x000000021a100000,0x000000021a200000)]
  0x0000019b3fdcd110 JavaThread "Attach Listener" daemon [_thread_blocked, id=24136, stack(0x000000021a200000,0x000000021a300000)]
  0x0000019b3fdd01f0 JavaThread "Service Thread" daemon [_thread_blocked, id=29308, stack(0x000000021a300000,0x000000021a400000)]
  0x0000019b3fdd0bb0 JavaThread "Monitor Deflation Thread" daemon [_thread_blocked, id=24768, stack(0x000000021a400000,0x000000021a500000)]
=>0x0000019b3fdd1d60 JavaThread "C2 CompilerThread0" daemon [_thread_in_native, id=840, stack(0x000000021a500000,0x000000021a600000)]
  0x0000019b3fde1170 JavaThread "C1 CompilerThread0" daemon [_thread_blocked, id=23808, stack(0x000000021a600000,0x000000021a700000)]
  0x0000019b3fe01b80 JavaThread "Sweeper thread" daemon [_thread_blocked, id=3304, stack(0x000000021a700000,0x000000021a800000)]
  0x0000019b8512ada0 JavaThread "Common-Cleaner" daemon [_thread_blocked, id=29440, stack(0x000000021a800000,0x000000021a900000)]
  0x0000019b8512d8b0 JavaThread "Notification Thread" daemon [_thread_blocked, id=16376, stack(0x000000021a900000,0x000000021aa00000)]
  0x0000019b867c3ea0 JavaThread "Daemon health stats" [_thread_blocked, id=26900, stack(0x000000021ae00000,0x000000021af00000)]
  0x0000019b854c5650 JavaThread "Incoming local TCP Connector on port 52176" [_thread_in_native, id=27388, stack(0x000000021af00000,0x000000021b000000)]
  0x0000019b866dae40 JavaThread "Daemon periodic checks" [_thread_blocked, id=18576, stack(0x000000021b000000,0x000000021b100000)]
  0x0000019b85027100 JavaThread "Daemon" [_thread_blocked, id=28296, stack(0x000000021b100000,0x000000021b200000)]
  0x0000019b866d13a0 JavaThread "Handler for socket connection from /127.0.0.1:52176 to /127.0.0.1:52177" [_thread_in_native, id=28272, stack(0x000000021b200000,0x000000021b300000)]
  0x0000019b85b8d5d0 JavaThread "Cancel handler" [_thread_blocked, id=2284, stack(0x000000021b300000,0x000000021b400000)]
  0x0000019b85b8dab0 JavaThread "Daemon worker" [_thread_in_Java, id=22376, stack(0x000000021b400000,0x000000021b500000)]
  0x0000019b86982a60 JavaThread "Asynchronous log dispatcher for DefaultDaemonConnection: socket connection from /127.0.0.1:52176 to /127.0.0.1:52177" [_thread_blocked, id=27160, stack(0x000000021b500000,0x000000021b600000)]
  0x0000019b86980c00 JavaThread "Stdin handler" [_thread_blocked, id=25176, stack(0x000000021b600000,0x000000021b700000)]
  0x0000019b86981110 JavaThread "Daemon client event forwarder" [_thread_blocked, id=29424, stack(0x000000021b700000,0x000000021b800000)]
  0x0000019b86982f70 JavaThread "Cache worker for journal cache (C:\Users\ishenaly\.gradle\caches\journal-1)" [_thread_blocked, id=20920, stack(0x000000021b800000,0x000000021b900000)]
  0x0000019b8697f7c0 JavaThread "File lock request listener" [_thread_in_native, id=29236, stack(0x000000021b900000,0x000000021ba00000)]
  0x0000019b86981620 JavaThread "Cache worker for file hash cache (C:\Users\ishenaly\.gradle\caches\8.0\fileHashes)" [_thread_blocked, id=10256, stack(0x000000021ba00000,0x000000021bb00000)]
  0x0000019b86982040 JavaThread "File watcher server" daemon [_thread_in_native, id=27552, stack(0x000000021bb00000,0x000000021bc00000)]
  0x0000019b86981b30 JavaThread "File watcher consumer" daemon [_thread_blocked, id=25056, stack(0x000000021bc00000,0x000000021bd00000)]
  0x0000019b8697fcd0 JavaThread "jar transforms" [_thread_blocked, id=21200, stack(0x000000021bd00000,0x000000021be00000)]
  0x0000019b869801e0 JavaThread "jar transforms Thread 2" [_thread_blocked, id=22996, stack(0x000000021be00000,0x000000021bf00000)]
  0x0000019b869806f0 JavaThread "jar transforms Thread 3" [_thread_blocked, id=27532, stack(0x000000021bf00000,0x000000021c000000)]
  0x0000019b8534dcf0 JavaThread "jar transforms Thread 4" [_thread_blocked, id=15828, stack(0x000000021c000000,0x000000021c100000)]
  0x0000019b8534e710 JavaThread "Cache worker for checksums cache (C:\Users\ishenaly\StudioProjects\FamilyGarden\.gradle\8.0\checksums)" [_thread_blocked, id=25764, stack(0x000000021c100000,0x000000021c200000)]
  0x0000019b8534c8b0 JavaThread "Cache worker for cache directory md-rule (C:\Users\ishenaly\.gradle\caches\8.0\md-rule)" [_thread_blocked, id=13664, stack(0x000000021c200000,0x000000021c300000)]
  0x0000019b8534b980 JavaThread "Cache worker for file content cache (C:\Users\ishenaly\.gradle\caches\8.0\fileContent)" [_thread_blocked, id=2192, stack(0x000000021c300000,0x000000021c400000)]
  0x0000019b85349610 JavaThread "Cache worker for file hash cache (C:\Users\ishenaly\StudioProjects\FamilyGarden\.gradle\8.0\fileHashes)" [_thread_blocked, id=27072, stack(0x000000021c400000,0x000000021c500000)]
  0x0000019b8534be90 JavaThread "Cache worker for cache directory md-supplier (C:\Users\ishenaly\.gradle\caches\8.0\md-supplier)" [_thread_blocked, id=17272, stack(0x000000021c500000,0x000000021c600000)]
  0x0000019b8534c3a0 JavaThread "Cache worker for execution history cache (C:\Users\ishenaly\.gradle\caches\8.0\executionHistory)" [_thread_blocked, id=25584, stack(0x000000021c600000,0x000000021c700000)]
  0x0000019b85349b20 JavaThread "Cache worker for kotlin-dsl (C:\Users\ishenaly\.gradle\caches\8.0\kotlin-dsl)" [_thread_blocked, id=27460, stack(0x000000021c800000,0x000000021c900000)]

Other Threads:
  0x0000019b3fdb2ea0 VMThread "VM Thread" [stack: 0x0000000219e00000,0x0000000219f00000] [id=15888]
  0x0000019b8512e1a0 WatcherThread [stack: 0x000000021aa00000,0x000000021ab00000] [id=23744]
  0x0000019b22263570 GCTaskThread "GC Thread#0" [stack: 0x0000000219900000,0x0000000219a00000] [id=27640]
  0x0000019b8561cf60 GCTaskThread "GC Thread#1" [stack: 0x000000021ab00000,0x000000021ac00000] [id=28876]
  0x0000019b855a3450 GCTaskThread "GC Thread#2" [stack: 0x000000021ac00000,0x000000021ad00000] [id=22452]
  0x0000019b85d785e0 GCTaskThread "GC Thread#3" [stack: 0x000000021ad00000,0x000000021ae00000] [id=17900]
  0x0000019b222744c0 ConcurrentGCThread "G1 Main Marker" [stack: 0x0000000219a00000,0x0000000219b00000] [id=6372]
  0x0000019b22275680 ConcurrentGCThread "G1 Conc#0" [stack: 0x0000000219b00000,0x0000000219c00000] [id=636]
  0x0000019b222b7110 ConcurrentGCThread "G1 Refine#0" [stack: 0x0000000219c00000,0x0000000219d00000] [id=22552]
  0x0000019b87263030 ConcurrentGCThread "G1 Refine#1" [stack: 0x000000021c700000,0x000000021c800000] [id=17268]
  0x0000019b222b7b40 ConcurrentGCThread "G1 Service" [stack: 0x0000000219d00000,0x0000000219e00000] [id=24688]

Threads with active compile tasks:
C2 CompilerThread0    25883 5053       4       org.jetbrains.kotlin.com.intellij.openapi.vfs.impl.ZipHandlerBase::getOrCreate (305 bytes)

VM state: not at safepoint (normal execution)

VM Mutex/Monitor currently owned by a thread: None

Heap address: 0x0000000080000000, size: 2048 MB, Compressed Oops mode: 32-bit

CDS archive(s) mapped at: [0x0000019b40000000-0x0000019b40bb0000-0x0000019b40bb0000), size 12255232, SharedBaseAddress: 0x0000019b40000000, ArchiveRelocationMode: 1.
Compressed class space mapped at: 0x0000019b41000000-0x0000019b81000000, reserved size: 1073741824
Narrow klass base: 0x0000019b40000000, Narrow klass shift: 0, Narrow klass range: 0x100000000

GC Precious Log:
 CPUs: 4 total, 4 available
 Memory: 6081M
 Large Page Support: Disabled
 NUMA Support: Disabled
 Compressed Oops: Enabled (32-bit)
 Heap Region Size: 1M
 Heap Min Capacity: 8M
 Heap Initial Capacity: 96M
 Heap Max Capacity: 2G
 Pre-touch: Disabled
 Parallel Workers: 4
 Concurrent Workers: 1
 Concurrent Refinement Workers: 4
 Periodic GC: Disabled

Heap:
 garbage-first heap   total 256000K, used 115887K [0x0000000080000000, 0x0000000100000000)
  region size 1024K, 34 young (34816K), 1 survivors (1024K)
 Metaspace       used 57756K, committed 58368K, reserved 1114112K
  class space    used 8150K, committed 8448K, reserved 1048576K

Heap Regions: E=young(eden), S=young(survivor), O=old, HS=humongous(starts), HC=humongous(continues), CS=collection set, F=free, OA=open archive, CA=closed archive, TAMS=top-at-mark-start (previous, next)
|   0|0x0000000080000000, 0x0000000080100000, 0x0000000080100000|100%| O|  |TAMS 0x0000000080100000, 0x0000000080100000| Untracked 
|   1|0x0000000080100000, 0x0000000080200000, 0x0000000080200000|100%| O|  |TAMS 0x0000000080200000, 0x0000000080200000| Untracked 
|   2|0x0000000080200000, 0x0000000080300000, 0x0000000080300000|100%|HS|  |TAMS 0x0000000080300000, 0x0000000080300000| Complete 
|   3|0x0000000080300000, 0x0000000080400000, 0x0000000080400000|100%|HC|  |TAMS 0x0000000080400000, 0x0000000080400000| Complete 
|   4|0x0000000080400000, 0x0000000080500000, 0x0000000080500000|100%|HC|  |TAMS 0x0000000080500000, 0x0000000080500000| Complete 
|   5|0x0000000080500000, 0x0000000080600000, 0x0000000080600000|100%|HC|  |TAMS 0x0000000080600000, 0x0000000080600000| Complete 
|   6|0x0000000080600000, 0x0000000080700000, 0x0000000080700000|100%| O|  |TAMS 0x0000000080700000, 0x0000000080700000| Untracked 
|   7|0x0000000080700000, 0x0000000080800000, 0x0000000080800000|100%| O|  |TAMS 0x0000000080800000, 0x0000000080800000| Untracked 
|   8|0x0000000080800000, 0x0000000080900000, 0x0000000080900000|100%| O|  |TAMS 0x0000000080900000, 0x0000000080900000| Untracked 
|   9|0x0000000080900000, 0x0000000080a00000, 0x0000000080a00000|100%| O|  |TAMS 0x0000000080a00000, 0x0000000080a00000| Untracked 
|  10|0x0000000080a00000, 0x0000000080b00000, 0x0000000080b00000|100%| O|  |TAMS 0x0000000080b00000, 0x0000000080b00000| Untracked 
|  11|0x0000000080b00000, 0x0000000080c00000, 0x0000000080c00000|100%| O|  |TAMS 0x0000000080c00000, 0x0000000080c00000| Untracked 
|  12|0x0000000080c00000, 0x0000000080d00000, 0x0000000080d00000|100%|HS|  |TAMS 0x0000000080d00000, 0x0000000080d00000| Complete 
|  13|0x0000000080d00000, 0x0000000080e00000, 0x0000000080e00000|100%|HC|  |TAMS 0x0000000080e00000, 0x0000000080e00000| Complete 
|  14|0x0000000080e00000, 0x0000000080f00000, 0x0000000080f00000|100%|HS|  |TAMS 0x0000000080f00000, 0x0000000080f00000| Complete 
|  15|0x0000000080f00000, 0x0000000081000000, 0x0000000081000000|100%|HC|  |TAMS 0x0000000081000000, 0x0000000081000000| Complete 
|  16|0x0000000081000000, 0x0000000081100000, 0x0000000081100000|100%|HC|  |TAMS 0x0000000081100000, 0x0000000081100000| Complete 
|  17|0x0000000081100000, 0x0000000081200000, 0x0000000081200000|100%|HS|  |TAMS 0x0000000081200000, 0x0000000081200000| Complete 
|  18|0x0000000081200000, 0x0000000081300000, 0x0000000081300000|100%|HC|  |TAMS 0x0000000081300000, 0x0000000081300000| Complete 
|  19|0x0000000081300000, 0x0000000081400000, 0x0000000081400000|100%|HC|  |TAMS 0x0000000081400000, 0x0000000081400000| Complete 
|  20|0x0000000081400000, 0x0000000081500000, 0x0000000081500000|100%|HS|  |TAMS 0x0000000081500000, 0x0000000081500000| Complete 
|  21|0x0000000081500000, 0x0000000081600000, 0x0000000081600000|100%|HC|  |TAMS 0x0000000081600000, 0x0000000081600000| Complete 
|  22|0x0000000081600000, 0x0000000081700000, 0x0000000081700000|100%| O|  |TAMS 0x0000000081700000, 0x0000000081700000| Untracked 
|  23|0x0000000081700000, 0x0000000081800000, 0x0000000081800000|100%| O|  |TAMS 0x0000000081800000, 0x0000000081800000| Untracked 
|  24|0x0000000081800000, 0x0000000081900000, 0x0000000081900000|100%| O|  |TAMS 0x0000000081900000, 0x0000000081900000| Untracked 
|  25|0x0000000081900000, 0x0000000081a00000, 0x0000000081a00000|100%| O|  |TAMS 0x0000000081a00000, 0x0000000081a00000| Untracked 
|  26|0x0000000081a00000, 0x0000000081b00000, 0x0000000081b00000|100%| O|  |TAMS 0x0000000081b00000, 0x0000000081b00000| Untracked 
|  27|0x0000000081b00000, 0x0000000081c00000, 0x0000000081c00000|100%| O|  |TAMS 0x0000000081c00000, 0x0000000081c00000| Untracked 
|  28|0x0000000081c00000, 0x0000000081d00000, 0x0000000081d00000|100%| O|  |TAMS 0x0000000081d00000, 0x0000000081d00000| Untracked 
|  29|0x0000000081d00000, 0x0000000081e00000, 0x0000000081e00000|100%| O|  |TAMS 0x0000000081e00000, 0x0000000081e00000| Untracked 
|  30|0x0000000081e00000, 0x0000000081f00000, 0x0000000081f00000|100%| O|  |TAMS 0x0000000081f00000, 0x0000000081f00000| Untracked 
|  31|0x0000000081f00000, 0x0000000081f00000, 0x0000000082000000|  0%| F|  |TAMS 0x0000000081f00000, 0x0000000081f00000| Untracked 
|  32|0x0000000082000000, 0x0000000082100000, 0x0000000082100000|100%| O|  |TAMS 0x0000000082100000, 0x0000000082100000| Untracked 
|  33|0x0000000082100000, 0x0000000082200000, 0x0000000082200000|100%| O|  |TAMS 0x0000000082200000, 0x0000000082200000| Untracked 
|  34|0x0000000082200000, 0x0000000082300000, 0x0000000082300000|100%| O|  |TAMS 0x0000000082300000, 0x0000000082300000| Untracked 
|  35|0x0000000082300000, 0x0000000082400000, 0x0000000082400000|100%| O|  |TAMS 0x0000000082400000, 0x0000000082400000| Untracked 
|  36|0x0000000082400000, 0x0000000082500000, 0x0000000082500000|100%| O|  |TAMS 0x0000000082500000, 0x0000000082500000| Untracked 
|  37|0x0000000082500000, 0x0000000082600000, 0x0000000082600000|100%| O|  |TAMS 0x0000000082600000, 0x0000000082600000| Untracked 
|  38|0x0000000082600000, 0x0000000082700000, 0x0000000082700000|100%| O|  |TAMS 0x0000000082700000, 0x0000000082700000| Untracked 
|  39|0x0000000082700000, 0x0000000082800000, 0x0000000082800000|100%|HS|  |TAMS 0x0000000082800000, 0x0000000082800000| Complete 
|  40|0x0000000082800000, 0x0000000082900000, 0x0000000082900000|100%|HC|  |TAMS 0x0000000082900000, 0x0000000082900000| Complete 
|  41|0x0000000082900000, 0x0000000082a00000, 0x0000000082a00000|100%|HC|  |TAMS 0x0000000082a00000, 0x0000000082a00000| Complete 
|  42|0x0000000082a00000, 0x0000000082b00000, 0x0000000082b00000|100%|HC|  |TAMS 0x0000000082b00000, 0x0000000082b00000| Complete 
|  43|0x0000000082b00000, 0x0000000082c00000, 0x0000000082c00000|100%|HC|  |TAMS 0x0000000082c00000, 0x0000000082c00000| Complete 
|  44|0x0000000082c00000, 0x0000000082d00000, 0x0000000082d00000|100%|HC|  |TAMS 0x0000000082d00000, 0x0000000082d00000| Complete 
|  45|0x0000000082d00000, 0x0000000082e00000, 0x0000000082e00000|100%|HC|  |TAMS 0x0000000082e00000, 0x0000000082e00000| Complete 
|  46|0x0000000082e00000, 0x0000000082f00000, 0x0000000082f00000|100%|HC|  |TAMS 0x0000000082f00000, 0x0000000082f00000| Complete 
|  47|0x0000000082f00000, 0x0000000083000000, 0x0000000083000000|100%|HC|  |TAMS 0x0000000083000000, 0x0000000083000000| Complete 
|  48|0x0000000083000000, 0x0000000083100000, 0x0000000083100000|100%|HC|  |TAMS 0x0000000083100000, 0x0000000083100000| Complete 
|  49|0x0000000083100000, 0x0000000083200000, 0x0000000083200000|100%|HC|  |TAMS 0x0000000083200000, 0x0000000083200000| Complete 
|  50|0x0000000083200000, 0x0000000083300000, 0x0000000083300000|100%|HC|  |TAMS 0x0000000083300000, 0x0000000083300000| Complete 
|  51|0x0000000083300000, 0x0000000083400000, 0x0000000083400000|100%| O|  |TAMS 0x0000000083300000, 0x0000000083400000| Untracked 
|  52|0x0000000083400000, 0x0000000083500000, 0x0000000083500000|100%| O|  |TAMS 0x0000000083500000, 0x0000000083500000| Untracked 
|  53|0x0000000083500000, 0x0000000083600000, 0x0000000083600000|100%|HS|  |TAMS 0x0000000083600000, 0x0000000083600000| Complete 
|  54|0x0000000083600000, 0x0000000083700000, 0x0000000083700000|100%|HC|  |TAMS 0x0000000083700000, 0x0000000083700000| Complete 
|  55|0x0000000083700000, 0x0000000083800000, 0x0000000083800000|100%|HC|  |TAMS 0x0000000083800000, 0x0000000083800000| Complete 
|  56|0x0000000083800000, 0x0000000083900000, 0x0000000083900000|100%| O|  |TAMS 0x0000000083900000, 0x0000000083900000| Untracked 
|  57|0x0000000083900000, 0x0000000083a00000, 0x0000000083a00000|100%| O|  |TAMS 0x0000000083a00000, 0x0000000083a00000| Untracked 
|  58|0x0000000083a00000, 0x0000000083b00000, 0x0000000083b00000|100%|HS|  |TAMS 0x0000000083b00000, 0x0000000083b00000| Complete 
|  59|0x0000000083b00000, 0x0000000083c00000, 0x0000000083c00000|100%|HC|  |TAMS 0x0000000083c00000, 0x0000000083c00000| Complete 
|  60|0x0000000083c00000, 0x0000000083d00000, 0x0000000083d00000|100%|HC|  |TAMS 0x0000000083d00000, 0x0000000083d00000| Complete 
|  61|0x0000000083d00000, 0x0000000083e00000, 0x0000000083e00000|100%| O|  |TAMS 0x0000000083e00000, 0x0000000083e00000| Untracked 
|  62|0x0000000083e00000, 0x0000000083f00000, 0x0000000083f00000|100%| O|  |TAMS 0x0000000083f00000, 0x0000000083f00000| Untracked 
|  63|0x0000000083f00000, 0x0000000084000000, 0x0000000084000000|100%| O|  |TAMS 0x0000000084000000, 0x0000000084000000| Untracked 
|  64|0x0000000084000000, 0x0000000084100000, 0x0000000084100000|100%| O|  |TAMS 0x0000000084100000, 0x0000000084100000| Untracked 
|  65|0x0000000084100000, 0x0000000084200000, 0x0000000084200000|100%| O|  |TAMS 0x0000000084200000, 0x0000000084200000| Untracked 
|  66|0x0000000084200000, 0x0000000084300000, 0x0000000084300000|100%| O|  |TAMS 0x0000000084300000, 0x0000000084300000| Untracked 
|  67|0x0000000084300000, 0x0000000084400000, 0x0000000084400000|100%| O|  |TAMS 0x0000000084330600, 0x0000000084400000| Untracked 
|  68|0x0000000084400000, 0x0000000084500000, 0x0000000084500000|100%|HS|  |TAMS 0x0000000084400000, 0x0000000084500000| Complete 
|  69|0x0000000084500000, 0x0000000084600000, 0x0000000084600000|100%|HC|  |TAMS 0x0000000084500000, 0x0000000084600000| Complete 
|  70|0x0000000084600000, 0x0000000084700000, 0x0000000084700000|100%|HC|  |TAMS 0x0000000084600000, 0x0000000084700000| Complete 
|  71|0x0000000084700000, 0x0000000084800000, 0x0000000084800000|100%|HC|  |TAMS 0x0000000084700000, 0x0000000084800000| Complete 
|  72|0x0000000084800000, 0x0000000084900000, 0x0000000084900000|100%| O|  |TAMS 0x0000000084800000, 0x0000000084900000| Untracked 
|  73|0x0000000084900000, 0x0000000084a00000, 0x0000000084a00000|100%| O|  |TAMS 0x0000000084900000, 0x0000000084a00000| Untracked 
|  74|0x0000000084a00000, 0x0000000084a9a000, 0x0000000084b00000| 60%| O|  |TAMS 0x0000000084a00000, 0x0000000084a9a000| Untracked 
|  75|0x0000000084b00000, 0x0000000084c00000, 0x0000000084c00000|100%|HS|  |TAMS 0x0000000084b00000, 0x0000000084b00000| Complete 
|  76|0x0000000084c00000, 0x0000000084d00000, 0x0000000084d00000|100%|HC|  |TAMS 0x0000000084c00000, 0x0000000084c00000| Complete 
|  77|0x0000000084d00000, 0x0000000084e00000, 0x0000000084e00000|100%|HC|  |TAMS 0x0000000084d00000, 0x0000000084d00000| Complete 
|  78|0x0000000084e00000, 0x0000000084f00000, 0x0000000084f00000|100%|HC|  |TAMS 0x0000000084e00000, 0x0000000084e00000| Complete 
|  79|0x0000000084f00000, 0x0000000085000000, 0x0000000085000000|100%|HC|  |TAMS 0x0000000084f00000, 0x0000000084f00000| Complete 
|  80|0x0000000085000000, 0x0000000085100000, 0x0000000085100000|100%|HC|  |TAMS 0x0000000085000000, 0x0000000085000000| Complete 
|  81|0x0000000085100000, 0x0000000085100000, 0x0000000085200000|  0%| F|  |TAMS 0x0000000085100000, 0x0000000085100000| Untracked 
|  82|0x0000000085200000, 0x0000000085200000, 0x0000000085300000|  0%| F|  |TAMS 0x0000000085200000, 0x0000000085200000| Untracked 
|  83|0x0000000085300000, 0x0000000085300000, 0x0000000085400000|  0%| F|  |TAMS 0x0000000085300000, 0x0000000085300000| Untracked 
|  84|0x0000000085400000, 0x0000000085400000, 0x0000000085500000|  0%| F|  |TAMS 0x0000000085400000, 0x0000000085400000| Untracked 
|  85|0x0000000085500000, 0x0000000085500000, 0x0000000085600000|  0%| F|  |TAMS 0x0000000085500000, 0x0000000085500000| Untracked 
|  86|0x0000000085600000, 0x0000000085600000, 0x0000000085700000|  0%| F|  |TAMS 0x0000000085600000, 0x0000000085600000| Untracked 
|  87|0x0000000085700000, 0x0000000085700000, 0x0000000085800000|  0%| F|  |TAMS 0x0000000085700000, 0x0000000085700000| Untracked 
|  88|0x0000000085800000, 0x0000000085800000, 0x0000000085900000|  0%| F|  |TAMS 0x0000000085800000, 0x0000000085800000| Untracked 
|  89|0x0000000085900000, 0x0000000085900000, 0x0000000085a00000|  0%| F|  |TAMS 0x0000000085900000, 0x0000000085900000| Untracked 
|  90|0x0000000085a00000, 0x0000000085a00000, 0x0000000085b00000|  0%| F|  |TAMS 0x0000000085a00000, 0x0000000085a00000| Untracked 
|  91|0x0000000085b00000, 0x0000000085b00000, 0x0000000085c00000|  0%| F|  |TAMS 0x0000000085b00000, 0x0000000085b00000| Untracked 
|  92|0x0000000085c00000, 0x0000000085c00000, 0x0000000085d00000|  0%| F|  |TAMS 0x0000000085c00000, 0x0000000085c00000| Untracked 
|  93|0x0000000085d00000, 0x0000000085d00000, 0x0000000085e00000|  0%| F|  |TAMS 0x0000000085d00000, 0x0000000085d00000| Untracked 
|  94|0x0000000085e00000, 0x0000000085e00000, 0x0000000085f00000|  0%| F|  |TAMS 0x0000000085e00000, 0x0000000085e00000| Untracked 
|  95|0x0000000085f00000, 0x0000000085f00000, 0x0000000086000000|  0%| F|  |TAMS 0x0000000085f00000, 0x0000000085f00000| Untracked 
|  96|0x0000000086000000, 0x0000000086000000, 0x0000000086100000|  0%| F|  |TAMS 0x0000000086000000, 0x0000000086000000| Untracked 
|  97|0x0000000086100000, 0x0000000086100000, 0x0000000086200000|  0%| F|  |TAMS 0x0000000086100000, 0x0000000086100000| Untracked 
|  98|0x0000000086200000, 0x0000000086200000, 0x0000000086300000|  0%| F|  |TAMS 0x0000000086200000, 0x0000000086200000| Untracked 
|  99|0x0000000086300000, 0x0000000086300000, 0x0000000086400000|  0%| F|  |TAMS 0x0000000086300000, 0x0000000086300000| Untracked 
| 100|0x0000000086400000, 0x0000000086400000, 0x0000000086500000|  0%| F|  |TAMS 0x0000000086400000, 0x0000000086400000| Untracked 
| 101|0x0000000086500000, 0x0000000086500000, 0x0000000086600000|  0%| F|  |TAMS 0x0000000086500000, 0x0000000086500000| Untracked 
| 102|0x0000000086600000, 0x0000000086691ef0, 0x0000000086700000| 57%| S|CS|TAMS 0x0000000086600000, 0x0000000086600000| Complete 
| 103|0x0000000086700000, 0x0000000086700000, 0x0000000086800000|  0%| F|  |TAMS 0x0000000086700000, 0x0000000086700000| Untracked 
| 104|0x0000000086800000, 0x0000000086800000, 0x0000000086900000|  0%| F|  |TAMS 0x0000000086800000, 0x0000000086800000| Untracked 
| 105|0x0000000086900000, 0x0000000086900000, 0x0000000086a00000|  0%| F|  |TAMS 0x0000000086900000, 0x0000000086900000| Untracked 
| 106|0x0000000086a00000, 0x0000000086a00000, 0x0000000086b00000|  0%| F|  |TAMS 0x0000000086a00000, 0x0000000086a00000| Untracked 
| 107|0x0000000086b00000, 0x0000000086b00000, 0x0000000086c00000|  0%| F|  |TAMS 0x0000000086b00000, 0x0000000086b00000| Untracked 
| 108|0x0000000086c00000, 0x0000000086c00000, 0x0000000086d00000|  0%| F|  |TAMS 0x0000000086c00000, 0x0000000086c00000| Untracked 
| 109|0x0000000086d00000, 0x0000000086d00000, 0x0000000086e00000|  0%| F|  |TAMS 0x0000000086d00000, 0x0000000086d00000| Untracked 
| 110|0x0000000086e00000, 0x0000000086e00000, 0x0000000086f00000|  0%| F|  |TAMS 0x0000000086e00000, 0x0000000086e00000| Untracked 
| 111|0x0000000086f00000, 0x0000000086f00000, 0x0000000087000000|  0%| F|  |TAMS 0x0000000086f00000, 0x0000000086f00000| Untracked 
| 112|0x0000000087000000, 0x0000000087000000, 0x0000000087100000|  0%| F|  |TAMS 0x0000000087000000, 0x0000000087000000| Untracked 
| 113|0x0000000087100000, 0x0000000087100000, 0x0000000087200000|  0%| F|  |TAMS 0x0000000087100000, 0x0000000087100000| Untracked 
| 114|0x0000000087200000, 0x0000000087200000, 0x0000000087300000|  0%| F|  |TAMS 0x0000000087200000, 0x0000000087200000| Untracked 
| 115|0x0000000087300000, 0x0000000087300000, 0x0000000087400000|  0%| F|  |TAMS 0x0000000087300000, 0x0000000087300000| Untracked 
| 116|0x0000000087400000, 0x0000000087400000, 0x0000000087500000|  0%| F|  |TAMS 0x0000000087400000, 0x0000000087400000| Untracked 
| 117|0x0000000087500000, 0x0000000087500000, 0x0000000087600000|  0%| F|  |TAMS 0x0000000087500000, 0x0000000087500000| Untracked 
| 118|0x0000000087600000, 0x0000000087600000, 0x0000000087700000|  0%| F|  |TAMS 0x0000000087600000, 0x0000000087600000| Untracked 
| 119|0x0000000087700000, 0x0000000087700000, 0x0000000087800000|  0%| F|  |TAMS 0x0000000087700000, 0x0000000087700000| Untracked 
| 120|0x0000000087800000, 0x0000000087800000, 0x0000000087900000|  0%| F|  |TAMS 0x0000000087800000, 0x0000000087800000| Untracked 
| 121|0x0000000087900000, 0x0000000087900000, 0x0000000087a00000|  0%| F|  |TAMS 0x0000000087900000, 0x0000000087900000| Untracked 
| 122|0x0000000087a00000, 0x0000000087a00000, 0x0000000087b00000|  0%| F|  |TAMS 0x0000000087a00000, 0x0000000087a00000| Untracked 
| 123|0x0000000087b00000, 0x0000000087b00000, 0x0000000087c00000|  0%| F|  |TAMS 0x0000000087b00000, 0x0000000087b00000| Untracked 
| 124|0x0000000087c00000, 0x0000000087c00000, 0x0000000087d00000|  0%| F|  |TAMS 0x0000000087c00000, 0x0000000087c00000| Untracked 
| 125|0x0000000087d00000, 0x0000000087d00000, 0x0000000087e00000|  0%| F|  |TAMS 0x0000000087d00000, 0x0000000087d00000| Untracked 
| 126|0x0000000087e00000, 0x0000000087e00000, 0x0000000087f00000|  0%| F|  |TAMS 0x0000000087e00000, 0x0000000087e00000| Untracked 
| 127|0x0000000087f00000, 0x0000000087f00000, 0x0000000088000000|  0%| F|  |TAMS 0x0000000087f00000, 0x0000000087f00000| Untracked 
| 128|0x0000000088000000, 0x0000000088000000, 0x0000000088100000|  0%| F|  |TAMS 0x0000000088000000, 0x0000000088000000| Untracked 
| 129|0x0000000088100000, 0x0000000088100000, 0x0000000088200000|  0%| F|  |TAMS 0x0000000088100000, 0x0000000088100000| Untracked 
| 130|0x0000000088200000, 0x0000000088200000, 0x0000000088300000|  0%| F|  |TAMS 0x0000000088200000, 0x0000000088200000| Untracked 
| 131|0x0000000088300000, 0x0000000088300000, 0x0000000088400000|  0%| F|  |TAMS 0x0000000088300000, 0x0000000088300000| Untracked 
| 132|0x0000000088400000, 0x0000000088400000, 0x0000000088500000|  0%| F|  |TAMS 0x0000000088400000, 0x0000000088400000| Untracked 
| 133|0x0000000088500000, 0x0000000088500000, 0x0000000088600000|  0%| F|  |TAMS 0x0000000088500000, 0x0000000088500000| Untracked 
| 134|0x0000000088600000, 0x0000000088600000, 0x0000000088700000|  0%| F|  |TAMS 0x0000000088600000, 0x0000000088600000| Untracked 
| 135|0x0000000088700000, 0x0000000088700000, 0x0000000088800000|  0%| F|  |TAMS 0x0000000088700000, 0x0000000088700000| Untracked 
| 136|0x0000000088800000, 0x0000000088800000, 0x0000000088900000|  0%| F|  |TAMS 0x0000000088800000, 0x0000000088800000| Untracked 
| 137|0x0000000088900000, 0x0000000088900000, 0x0000000088a00000|  0%| F|  |TAMS 0x0000000088900000, 0x0000000088900000| Untracked 
| 138|0x0000000088a00000, 0x0000000088a00000, 0x0000000088b00000|  0%| F|  |TAMS 0x0000000088a00000, 0x0000000088a00000| Untracked 
| 139|0x0000000088b00000, 0x0000000088b00000, 0x0000000088c00000|  0%| F|  |TAMS 0x0000000088b00000, 0x0000000088b00000| Untracked 
| 140|0x0000000088c00000, 0x0000000088c00000, 0x0000000088d00000|  0%| F|  |TAMS 0x0000000088c00000, 0x0000000088c00000| Untracked 
| 141|0x0000000088d00000, 0x0000000088d00000, 0x0000000088e00000|  0%| F|  |TAMS 0x0000000088d00000, 0x0000000088d00000| Untracked 
| 142|0x0000000088e00000, 0x0000000088e00000, 0x0000000088f00000|  0%| F|  |TAMS 0x0000000088e00000, 0x0000000088e00000| Untracked 
| 143|0x0000000088f00000, 0x0000000088f00000, 0x0000000089000000|  0%| F|  |TAMS 0x0000000088f00000, 0x0000000088f00000| Untracked 
| 144|0x0000000089000000, 0x0000000089000000, 0x0000000089100000|  0%| F|  |TAMS 0x0000000089000000, 0x0000000089000000| Untracked 
| 145|0x0000000089100000, 0x0000000089100000, 0x0000000089200000|  0%| F|  |TAMS 0x0000000089100000, 0x0000000089100000| Untracked 
| 146|0x0000000089200000, 0x0000000089200000, 0x0000000089300000|  0%| F|  |TAMS 0x0000000089200000, 0x0000000089200000| Untracked 
| 147|0x0000000089300000, 0x0000000089300000, 0x0000000089400000|  0%| F|  |TAMS 0x0000000089300000, 0x0000000089300000| Untracked 
| 148|0x0000000089400000, 0x0000000089400000, 0x0000000089500000|  0%| F|  |TAMS 0x0000000089400000, 0x0000000089400000| Untracked 
| 149|0x0000000089500000, 0x0000000089500000, 0x0000000089600000|  0%| F|  |TAMS 0x0000000089500000, 0x0000000089500000| Untracked 
| 150|0x0000000089600000, 0x0000000089600000, 0x0000000089700000|  0%| F|  |TAMS 0x0000000089600000, 0x0000000089600000| Untracked 
| 151|0x0000000089700000, 0x0000000089700000, 0x0000000089800000|  0%| F|  |TAMS 0x0000000089700000, 0x0000000089700000| Untracked 
| 152|0x0000000089800000, 0x0000000089800000, 0x0000000089900000|  0%| F|  |TAMS 0x0000000089800000, 0x0000000089800000| Untracked 
| 153|0x0000000089900000, 0x0000000089900000, 0x0000000089a00000|  0%| F|  |TAMS 0x0000000089900000, 0x0000000089900000| Untracked 
| 154|0x0000000089a00000, 0x0000000089a00000, 0x0000000089b00000|  0%| F|  |TAMS 0x0000000089a00000, 0x0000000089a00000| Untracked 
| 155|0x0000000089b00000, 0x0000000089b00000, 0x0000000089c00000|  0%| F|  |TAMS 0x0000000089b00000, 0x0000000089b00000| Untracked 
| 156|0x0000000089c00000, 0x0000000089c00000, 0x0000000089d00000|  0%| F|  |TAMS 0x0000000089c00000, 0x0000000089c00000| Untracked 
| 157|0x0000000089d00000, 0x0000000089d00000, 0x0000000089e00000|  0%| F|  |TAMS 0x0000000089d00000, 0x0000000089d00000| Untracked 
| 158|0x0000000089e00000, 0x0000000089e00000, 0x0000000089f00000|  0%| F|  |TAMS 0x0000000089e00000, 0x0000000089e00000| Untracked 
| 159|0x0000000089f00000, 0x0000000089f00000, 0x000000008a000000|  0%| F|  |TAMS 0x0000000089f00000, 0x0000000089f00000| Untracked 
| 160|0x000000008a000000, 0x000000008a000000, 0x000000008a100000|  0%| F|  |TAMS 0x000000008a000000, 0x000000008a000000| Untracked 
| 161|0x000000008a100000, 0x000000008a100000, 0x000000008a200000|  0%| F|  |TAMS 0x000000008a100000, 0x000000008a100000| Untracked 
| 162|0x000000008a200000, 0x000000008a200000, 0x000000008a300000|  0%| F|  |TAMS 0x000000008a200000, 0x000000008a200000| Untracked 
| 163|0x000000008a300000, 0x000000008a300000, 0x000000008a400000|  0%| F|  |TAMS 0x000000008a300000, 0x000000008a300000| Untracked 
| 164|0x000000008a400000, 0x000000008a400000, 0x000000008a500000|  0%| F|  |TAMS 0x000000008a400000, 0x000000008a400000| Untracked 
| 165|0x000000008a500000, 0x000000008a500000, 0x000000008a600000|  0%| F|  |TAMS 0x000000008a500000, 0x000000008a500000| Untracked 
| 166|0x000000008a600000, 0x000000008a600000, 0x000000008a700000|  0%| F|  |TAMS 0x000000008a600000, 0x000000008a600000| Untracked 
| 167|0x000000008a700000, 0x000000008a700000, 0x000000008a800000|  0%| F|  |TAMS 0x000000008a700000, 0x000000008a700000| Untracked 
| 168|0x000000008a800000, 0x000000008a800000, 0x000000008a900000|  0%| F|  |TAMS 0x000000008a800000, 0x000000008a800000| Untracked 
| 169|0x000000008a900000, 0x000000008a900000, 0x000000008aa00000|  0%| F|  |TAMS 0x000000008a900000, 0x000000008a900000| Untracked 
| 170|0x000000008aa00000, 0x000000008aa00000, 0x000000008ab00000|  0%| F|  |TAMS 0x000000008aa00000, 0x000000008aa00000| Untracked 
| 171|0x000000008ab00000, 0x000000008ab00000, 0x000000008ac00000|  0%| F|  |TAMS 0x000000008ab00000, 0x000000008ab00000| Untracked 
| 172|0x000000008ac00000, 0x000000008ac00000, 0x000000008ad00000|  0%| F|  |TAMS 0x000000008ac00000, 0x000000008ac00000| Untracked 
| 173|0x000000008ad00000, 0x000000008ad00000, 0x000000008ae00000|  0%| F|  |TAMS 0x000000008ad00000, 0x000000008ad00000| Untracked 
| 174|0x000000008ae00000, 0x000000008ae00000, 0x000000008af00000|  0%| F|  |TAMS 0x000000008ae00000, 0x000000008ae00000| Untracked 
| 175|0x000000008af00000, 0x000000008af00000, 0x000000008b000000|  0%| F|  |TAMS 0x000000008af00000, 0x000000008af00000| Untracked 
| 176|0x000000008b000000, 0x000000008b000000, 0x000000008b100000|  0%| F|  |TAMS 0x000000008b000000, 0x000000008b000000| Untracked 
| 177|0x000000008b100000, 0x000000008b100000, 0x000000008b200000|  0%| F|  |TAMS 0x000000008b100000, 0x000000008b100000| Untracked 
| 178|0x000000008b200000, 0x000000008b200000, 0x000000008b300000|  0%| F|  |TAMS 0x000000008b200000, 0x000000008b200000| Untracked 
| 179|0x000000008b300000, 0x000000008b300000, 0x000000008b400000|  0%| F|  |TAMS 0x000000008b300000, 0x000000008b300000| Untracked 
| 180|0x000000008b400000, 0x000000008b400000, 0x000000008b500000|  0%| F|  |TAMS 0x000000008b400000, 0x000000008b400000| Untracked 
| 181|0x000000008b500000, 0x000000008b500000, 0x000000008b600000|  0%| F|  |TAMS 0x000000008b500000, 0x000000008b500000| Untracked 
| 182|0x000000008b600000, 0x000000008b600000, 0x000000008b700000|  0%| F|  |TAMS 0x000000008b600000, 0x000000008b600000| Untracked 
| 183|0x000000008b700000, 0x000000008b700000, 0x000000008b800000|  0%| F|  |TAMS 0x000000008b700000, 0x000000008b700000| Untracked 
| 184|0x000000008b800000, 0x000000008b800000, 0x000000008b900000|  0%| F|  |TAMS 0x000000008b800000, 0x000000008b800000| Untracked 
| 185|0x000000008b900000, 0x000000008b900000, 0x000000008ba00000|  0%| F|  |TAMS 0x000000008b900000, 0x000000008b900000| Untracked 
| 186|0x000000008ba00000, 0x000000008ba00000, 0x000000008bb00000|  0%| F|  |TAMS 0x000000008ba00000, 0x000000008ba00000| Untracked 
| 187|0x000000008bb00000, 0x000000008bb00000, 0x000000008bc00000|  0%| F|  |TAMS 0x000000008bb00000, 0x000000008bb00000| Untracked 
| 188|0x000000008bc00000, 0x000000008bc00000, 0x000000008bd00000|  0%| F|  |TAMS 0x000000008bc00000, 0x000000008bc00000| Untracked 
| 189|0x000000008bd00000, 0x000000008bd00000, 0x000000008be00000|  0%| F|  |TAMS 0x000000008bd00000, 0x000000008bd00000| Untracked 
| 190|0x000000008be00000, 0x000000008be00000, 0x000000008bf00000|  0%| F|  |TAMS 0x000000008be00000, 0x000000008be00000| Untracked 
| 191|0x000000008bf00000, 0x000000008bf00000, 0x000000008c000000|  0%| F|  |TAMS 0x000000008bf00000, 0x000000008bf00000| Untracked 
| 192|0x000000008c000000, 0x000000008c000000, 0x000000008c100000|  0%| F|  |TAMS 0x000000008c000000, 0x000000008c000000| Untracked 
| 193|0x000000008c100000, 0x000000008c100000, 0x000000008c200000|  0%| F|  |TAMS 0x000000008c100000, 0x000000008c100000| Untracked 
| 194|0x000000008c200000, 0x000000008c200000, 0x000000008c300000|  0%| F|  |TAMS 0x000000008c200000, 0x000000008c200000| Untracked 
| 195|0x000000008c300000, 0x000000008c300000, 0x000000008c400000|  0%| F|  |TAMS 0x000000008c300000, 0x000000008c300000| Untracked 
| 196|0x000000008c400000, 0x000000008c400000, 0x000000008c500000|  0%| F|  |TAMS 0x000000008c400000, 0x000000008c400000| Untracked 
| 197|0x000000008c500000, 0x000000008c500000, 0x000000008c600000|  0%| F|  |TAMS 0x000000008c500000, 0x000000008c500000| Untracked 
| 198|0x000000008c600000, 0x000000008c600000, 0x000000008c700000|  0%| F|  |TAMS 0x000000008c600000, 0x000000008c600000| Untracked 
| 199|0x000000008c700000, 0x000000008c700000, 0x000000008c800000|  0%| F|  |TAMS 0x000000008c700000, 0x000000008c700000| Untracked 
| 200|0x000000008c800000, 0x000000008c800000, 0x000000008c900000|  0%| F|  |TAMS 0x000000008c800000, 0x000000008c800000| Untracked 
| 201|0x000000008c900000, 0x000000008c900000, 0x000000008ca00000|  0%| F|  |TAMS 0x000000008c900000, 0x000000008c900000| Untracked 
| 202|0x000000008ca00000, 0x000000008ca00000, 0x000000008cb00000|  0%| F|  |TAMS 0x000000008ca00000, 0x000000008ca00000| Untracked 
| 203|0x000000008cb00000, 0x000000008cb00000, 0x000000008cc00000|  0%| F|  |TAMS 0x000000008cb00000, 0x000000008cb00000| Untracked 
| 204|0x000000008cc00000, 0x000000008cc00000, 0x000000008cd00000|  0%| F|  |TAMS 0x000000008cc00000, 0x000000008cc00000| Untracked 
| 205|0x000000008cd00000, 0x000000008cd00000, 0x000000008ce00000|  0%| F|  |TAMS 0x000000008cd00000, 0x000000008cd00000| Untracked 
| 206|0x000000008ce00000, 0x000000008ce00000, 0x000000008cf00000|  0%| F|  |TAMS 0x000000008ce00000, 0x000000008ce00000| Untracked 
| 207|0x000000008cf00000, 0x000000008cf00000, 0x000000008d000000|  0%| F|  |TAMS 0x000000008cf00000, 0x000000008cf00000| Untracked 
| 208|0x000000008d000000, 0x000000008d000000, 0x000000008d100000|  0%| F|  |TAMS 0x000000008d000000, 0x000000008d000000| Untracked 
| 209|0x000000008d100000, 0x000000008d100000, 0x000000008d200000|  0%| F|  |TAMS 0x000000008d100000, 0x000000008d100000| Untracked 
| 210|0x000000008d200000, 0x000000008d200000, 0x000000008d300000|  0%| F|  |TAMS 0x000000008d200000, 0x000000008d200000| Untracked 
| 211|0x000000008d300000, 0x000000008d300000, 0x000000008d400000|  0%| F|  |TAMS 0x000000008d300000, 0x000000008d300000| Untracked 
| 212|0x000000008d400000, 0x000000008d400000, 0x000000008d500000|  0%| F|  |TAMS 0x000000008d400000, 0x000000008d400000| Untracked 
| 213|0x000000008d500000, 0x000000008d500000, 0x000000008d600000|  0%| F|  |TAMS 0x000000008d500000, 0x000000008d500000| Untracked 
| 214|0x000000008d600000, 0x000000008d600000, 0x000000008d700000|  0%| F|  |TAMS 0x000000008d600000, 0x000000008d600000| Untracked 
| 215|0x000000008d700000, 0x000000008d700000, 0x000000008d800000|  0%| F|  |TAMS 0x000000008d700000, 0x000000008d700000| Untracked 
| 216|0x000000008d800000, 0x000000008d900000, 0x000000008d900000|100%| E|  |TAMS 0x000000008d800000, 0x000000008d800000| Complete 
| 217|0x000000008d900000, 0x000000008da00000, 0x000000008da00000|100%| E|CS|TAMS 0x000000008d900000, 0x000000008d900000| Complete 
| 218|0x000000008da00000, 0x000000008db00000, 0x000000008db00000|100%| E|CS|TAMS 0x000000008da00000, 0x000000008da00000| Complete 
| 219|0x000000008db00000, 0x000000008dc00000, 0x000000008dc00000|100%| E|CS|TAMS 0x000000008db00000, 0x000000008db00000| Complete 
| 220|0x000000008dc00000, 0x000000008dd00000, 0x000000008dd00000|100%| E|CS|TAMS 0x000000008dc00000, 0x000000008dc00000| Complete 
| 221|0x000000008dd00000, 0x000000008de00000, 0x000000008de00000|100%| E|CS|TAMS 0x000000008dd00000, 0x000000008dd00000| Complete 
| 222|0x000000008de00000, 0x000000008df00000, 0x000000008df00000|100%| E|CS|TAMS 0x000000008de00000, 0x000000008de00000| Complete 
| 223|0x000000008df00000, 0x000000008e000000, 0x000000008e000000|100%| E|CS|TAMS 0x000000008df00000, 0x000000008df00000| Complete 
| 224|0x000000008e000000, 0x000000008e100000, 0x000000008e100000|100%| E|CS|TAMS 0x000000008e000000, 0x000000008e000000| Complete 
| 225|0x000000008e100000, 0x000000008e200000, 0x000000008e200000|100%| E|CS|TAMS 0x000000008e100000, 0x000000008e100000| Complete 
| 226|0x000000008e200000, 0x000000008e300000, 0x000000008e300000|100%| E|CS|TAMS 0x000000008e200000, 0x000000008e200000| Complete 
| 227|0x000000008e300000, 0x000000008e400000, 0x000000008e400000|100%| E|CS|TAMS 0x000000008e300000, 0x000000008e300000| Complete 
| 228|0x000000008e400000, 0x000000008e500000, 0x000000008e500000|100%| E|CS|TAMS 0x000000008e400000, 0x000000008e400000| Complete 
| 229|0x000000008e500000, 0x000000008e600000, 0x000000008e600000|100%| E|CS|TAMS 0x000000008e500000, 0x000000008e500000| Complete 
| 230|0x000000008e600000, 0x000000008e700000, 0x000000008e700000|100%| E|CS|TAMS 0x000000008e600000, 0x000000008e600000| Complete 
| 231|0x000000008e700000, 0x000000008e800000, 0x000000008e800000|100%| E|CS|TAMS 0x000000008e700000, 0x000000008e700000| Complete 
| 232|0x000000008e800000, 0x000000008e900000, 0x000000008e900000|100%| E|CS|TAMS 0x000000008e800000, 0x000000008e800000| Complete 
| 233|0x000000008e900000, 0x000000008ea00000, 0x000000008ea00000|100%| E|CS|TAMS 0x000000008e900000, 0x000000008e900000| Complete 
| 234|0x000000008ea00000, 0x000000008eb00000, 0x000000008eb00000|100%| E|CS|TAMS 0x000000008ea00000, 0x000000008ea00000| Complete 
| 235|0x000000008eb00000, 0x000000008ec00000, 0x000000008ec00000|100%| E|CS|TAMS 0x000000008eb00000, 0x000000008eb00000| Complete 
| 236|0x000000008ec00000, 0x000000008ed00000, 0x000000008ed00000|100%| E|CS|TAMS 0x000000008ec00000, 0x000000008ec00000| Complete 
| 237|0x000000008ed00000, 0x000000008ee00000, 0x000000008ee00000|100%| E|CS|TAMS 0x000000008ed00000, 0x000000008ed00000| Complete 
| 238|0x000000008ee00000, 0x000000008ef00000, 0x000000008ef00000|100%| E|CS|TAMS 0x000000008ee00000, 0x000000008ee00000| Complete 
| 239|0x000000008ef00000, 0x000000008f000000, 0x000000008f000000|100%| E|CS|TAMS 0x000000008ef00000, 0x000000008ef00000| Complete 
| 240|0x000000008f000000, 0x000000008f100000, 0x000000008f100000|100%| E|CS|TAMS 0x000000008f000000, 0x000000008f000000| Complete 
| 241|0x000000008f100000, 0x000000008f200000, 0x000000008f200000|100%| E|CS|TAMS 0x000000008f100000, 0x000000008f100000| Complete 
| 242|0x000000008f200000, 0x000000008f300000, 0x000000008f300000|100%| E|CS|TAMS 0x000000008f200000, 0x000000008f200000| Complete 
| 243|0x000000008f300000, 0x000000008f400000, 0x000000008f400000|100%| E|CS|TAMS 0x000000008f300000, 0x000000008f300000| Complete 
| 244|0x000000008f400000, 0x000000008f500000, 0x000000008f500000|100%| E|CS|TAMS 0x000000008f400000, 0x000000008f400000| Complete 
| 245|0x000000008f500000, 0x000000008f600000, 0x000000008f600000|100%| E|CS|TAMS 0x000000008f500000, 0x000000008f500000| Complete 
| 246|0x000000008f600000, 0x000000008f700000, 0x000000008f700000|100%| E|CS|TAMS 0x000000008f600000, 0x000000008f600000| Complete 
| 247|0x000000008f700000, 0x000000008f800000, 0x000000008f800000|100%| E|CS|TAMS 0x000000008f700000, 0x000000008f700000| Complete 
| 248|0x000000008f800000, 0x000000008f900000, 0x000000008f900000|100%| E|CS|TAMS 0x000000008f800000, 0x000000008f800000| Complete 
|2047|0x00000000fff00000, 0x0000000100000000, 0x0000000100000000|100%| O|  |TAMS 0x0000000100000000, 0x0000000100000000| Untracked 

Card table byte_map: [0x0000019b39120000,0x0000019b39520000] _byte_map_base: 0x0000019b38d20000

Marking Bits (Prev, Next): (CMBitMap*) 0x0000019b22263bd0, (CMBitMap*) 0x0000019b22263b90
 Prev Bits: [0x0000019b3b920000, 0x0000019b3d920000)
 Next Bits: [0x0000019b39920000, 0x0000019b3b920000)

Polling page: 0x0000019b20180000

Metaspace:

Usage:
  Non-class:     48.47 MB used.
      Class:      7.96 MB used.
       Both:     56.43 MB used.

Virtual space:
  Non-class space:       64.00 MB reserved,      48.81 MB ( 76%) committed,  1 nodes.
      Class space:        1.00 GB reserved,       8.25 MB ( <1%) committed,  1 nodes.
             Both:        1.06 GB reserved,      57.06 MB (  5%) committed. 

Chunk freelists:
   Non-Class:  14.34 MB
       Class:  7.64 MB
        Both:  21.98 MB

MaxMetaspaceSize: unlimited
CompressedClassSpaceSize: 1.00 GB
Initial GC threshold: 21.00 MB
Current GC threshold: 82.31 MB
CDS: on
MetaspaceReclaimPolicy: balanced
 - commit_granule_bytes: 65536.
 - commit_granule_words: 8192.
 - virtual_space_node_default_size: 8388608.
 - enlarge_chunks_in_place: 1.
 - new_chunks_are_fully_committed: 0.
 - uncommit_free_chunks: 1.
 - use_allocation_guard: 0.
 - handle_deallocations: 1.


Internal statistics:

num_allocs_failed_limit: 3.
num_arena_births: 696.
num_arena_deaths: 0.
num_vsnodes_births: 2.
num_vsnodes_deaths: 0.
num_space_committed: 912.
num_space_uncommitted: 0.
num_chunks_returned_to_freelist: 3.
num_chunks_taken_from_freelist: 2827.
num_chunk_merges: 3.
num_chunk_splits: 2006.
num_chunks_enlarged: 1495.
num_inconsistent_stats: 0.

CodeHeap 'non-profiled nmethods': size=120000Kb used=2218Kb max_used=2902Kb free=117781Kb
 bounds [0x0000019b317f0000, 0x0000019b31ad0000, 0x0000019b38d20000]
CodeHeap 'profiled nmethods': size=120000Kb used=8343Kb max_used=10418Kb free=111656Kb
 bounds [0x0000019b29d20000, 0x0000019b2a750000, 0x0000019b31250000]
CodeHeap 'non-nmethods': size=5760Kb used=2349Kb max_used=2380Kb free=3410Kb
 bounds [0x0000019b31250000, 0x0000019b314c0000, 0x0000019b317f0000]
 total_blobs=5236 nmethods=4363 adapters=785
 compilation: enabled
              stopped_count=0, restarted_count=0
 full_count=0

Compilation events (20 events):
Event: 25.578 Thread 0x0000019b3fde1170 5135       3       org.jetbrains.kotlin.com.intellij.openapi.vfs.impl.jar.CoreJarHandler$$Lambda$723/0x0000019b41854c40::fun (8 bytes)
Event: 25.579 Thread 0x0000019b3fde1170 nmethod 5135 0x0000019b2a4e9290 code [0x0000019b2a4e9460, 0x0000019b2a4e9918]
Event: 25.579 Thread 0x0000019b3fdd1d60 nmethod 5110 0x0000019b31857810 code [0x0000019b31857ac0, 0x0000019b31859d60]
Event: 25.579 Thread 0x0000019b3fdd1d60 5111       4       org.jetbrains.kotlin.com.intellij.util.SmartList::get (28 bytes)
Event: 25.581 Thread 0x0000019b3fdd1d60 nmethod 5111 0x0000019b31897190 code [0x0000019b31897320, 0x0000019b31897458]
Event: 25.581 Thread 0x0000019b3fdd1d60 5113       4       org.jetbrains.kotlin.com.intellij.util.SmartList::checkOutOfBounds (58 bytes)
Event: 25.582 Thread 0x0000019b3fdd1d60 nmethod 5113 0x0000019b319a8810 code [0x0000019b319a8980, 0x0000019b319a8a38]
Event: 25.582 Thread 0x0000019b3fdd1d60 5112       4       org.jetbrains.kotlin.com.intellij.openapi.vfs.impl.jar.CoreJarVirtualFile::<init> (55 bytes)
Event: 25.585 Thread 0x0000019b3fde1170 5136       3       org.jetbrains.kotlin.com.intellij.openapi.vfs.impl.jar.CoreJarHandler::getOrCreateFile (106 bytes)
Event: 25.586 Thread 0x0000019b3fde1170 nmethod 5136 0x0000019b2a673610 code [0x0000019b2a673820, 0x0000019b2a673f68]
Event: 25.590 Thread 0x0000019b3fdd1d60 nmethod 5112 0x0000019b31844d10 code [0x0000019b31844ea0, 0x0000019b31845498]
Event: 25.590 Thread 0x0000019b3fdd1d60 5053       4       org.jetbrains.kotlin.com.intellij.openapi.vfs.impl.ZipHandlerBase::getOrCreate (305 bytes)
Event: 25.800 Thread 0x0000019b3fde1170 5138       2       sun.nio.fs.WindowsFileSystemProvider::readAttributes (63 bytes)
Event: 25.801 Thread 0x0000019b3fde1170 nmethod 5138 0x0000019b2a28d690 code [0x0000019b2a28d860, 0x0000019b2a28db98]
Event: 25.801 Thread 0x0000019b3fde1170 5139       2       sun.nio.fs.WindowsFileAttributeViews$Basic::<init> (15 bytes)
Event: 25.801 Thread 0x0000019b3fde1170 nmethod 5139 0x0000019b2a050210 code [0x0000019b2a0503a0, 0x0000019b2a0504f8]
Event: 25.801 Thread 0x0000019b3fde1170 5140       2       sun.nio.fs.WindowsFileAttributeViews$Basic::readAttributes (5 bytes)
Event: 25.801 Thread 0x0000019b3fde1170 nmethod 5140 0x0000019b29ecf890 code [0x0000019b29ecfa60, 0x0000019b29ecfc68]
Event: 25.803 Thread 0x0000019b3fde1170 5141       2       javax.management.ObjectName::construct (1135 bytes)
Event: 25.807 Thread 0x0000019b3fde1170 nmethod 5141 0x0000019b29e6c190 code [0x0000019b29e6c640, 0x0000019b29e6e888]

GC Heap History (20 events):
Event: 21.594 GC heap before
{Heap before GC invocations=13 (full 0):
 garbage-first heap   total 104448K, used 67499K [0x0000000080000000, 0x0000000100000000)
  region size 1024K, 12 young (12288K), 2 survivors (2048K)
 Metaspace       used 36191K, committed 36672K, reserved 1114112K
  class space    used 5035K, committed 5248K, reserved 1048576K
}
Event: 21.598 GC heap after
{Heap after GC invocations=14 (full 0):
 garbage-first heap   total 104448K, used 59992K [0x0000000080000000, 0x0000000100000000)
  region size 1024K, 4 young (4096K), 4 survivors (4096K)
 Metaspace       used 36191K, committed 36672K, reserved 1114112K
  class space    used 5035K, committed 5248K, reserved 1048576K
}
Event: 21.863 GC heap before
{Heap before GC invocations=15 (full 0):
 garbage-first heap   total 109568K, used 75352K [0x0000000080000000, 0x0000000100000000)
  region size 1024K, 15 young (15360K), 4 survivors (4096K)
 Metaspace       used 36884K, committed 37440K, reserved 1114112K
  class space    used 5113K, committed 5376K, reserved 1048576K
}
Event: 21.868 GC heap after
{Heap after GC invocations=16 (full 0):
 garbage-first heap   total 109568K, used 68271K [0x0000000080000000, 0x0000000100000000)
  region size 1024K, 4 young (4096K), 4 survivors (4096K)
 Metaspace       used 36884K, committed 37440K, reserved 1114112K
  class space    used 5113K, committed 5376K, reserved 1048576K
}
Event: 22.441 GC heap before
{Heap before GC invocations=17 (full 0):
 garbage-first heap   total 119808K, used 86703K [0x0000000080000000, 0x0000000100000000)
  region size 1024K, 21 young (21504K), 4 survivors (4096K)
 Metaspace       used 39088K, committed 39680K, reserved 1114112K
  class space    used 5329K, committed 5632K, reserved 1048576K
}
Event: 22.447 GC heap after
{Heap after GC invocations=18 (full 0):
 garbage-first heap   total 119808K, used 69372K [0x0000000080000000, 0x0000000100000000)
  region size 1024K, 2 young (2048K), 2 survivors (2048K)
 Metaspace       used 39088K, committed 39680K, reserved 1114112K
  class space    used 5329K, committed 5632K, reserved 1048576K
}
Event: 22.455 GC heap before
{Heap before GC invocations=18 (full 0):
 garbage-first heap   total 119808K, used 72444K [0x0000000080000000, 0x0000000100000000)
  region size 1024K, 5 young (5120K), 2 survivors (2048K)
 Metaspace       used 39088K, committed 39680K, reserved 1114112K
  class space    used 5329K, committed 5632K, reserved 1048576K
}
Event: 22.459 GC heap after
{Heap after GC invocations=19 (full 0):
 garbage-first heap   total 119808K, used 69063K [0x0000000080000000, 0x0000000100000000)
  region size 1024K, 1 young (1024K), 1 survivors (1024K)
 Metaspace       used 39088K, committed 39680K, reserved 1114112K
  class space    used 5329K, committed 5632K, reserved 1048576K
}
Event: 23.188 GC heap before
{Heap before GC invocations=19 (full 0):
 garbage-first heap   total 119808K, used 91591K [0x0000000080000000, 0x0000000100000000)
  region size 1024K, 24 young (24576K), 1 survivors (1024K)
 Metaspace       used 42648K, committed 43328K, reserved 1114112K
  class space    used 6263K, committed 6592K, reserved 1048576K
}
Event: 23.191 GC heap after
{Heap after GC invocations=20 (full 0):
 garbage-first heap   total 119808K, used 69893K [0x0000000080000000, 0x0000000100000000)
  region size 1024K, 2 young (2048K), 2 survivors (2048K)
 Metaspace       used 42648K, committed 43328K, reserved 1114112K
  class space    used 6263K, committed 6592K, reserved 1048576K
}
Event: 23.749 GC heap before
{Heap before GC invocations=21 (full 0):
 garbage-first heap   total 122880K, used 93445K [0x0000000080000000, 0x0000000100000000)
  region size 1024K, 25 young (25600K), 2 survivors (2048K)
 Metaspace       used 45771K, committed 46400K, reserved 1114112K
  class space    used 6691K, committed 6976K, reserved 1048576K
}
Event: 23.752 GC heap after
{Heap after GC invocations=22 (full 0):
 garbage-first heap   total 122880K, used 70524K [0x0000000080000000, 0x0000000100000000)
  region size 1024K, 2 young (2048K), 2 survivors (2048K)
 Metaspace       used 45771K, committed 46400K, reserved 1114112K
  class space    used 6691K, committed 6976K, reserved 1048576K
}
Event: 24.269 GC heap before
{Heap before GC invocations=22 (full 0):
 garbage-first heap   total 122880K, used 98172K [0x0000000080000000, 0x0000000100000000)
  region size 1024K, 29 young (29696K), 2 survivors (2048K)
 Metaspace       used 49576K, committed 50240K, reserved 1114112K
  class space    used 7164K, committed 7488K, reserved 1048576K
}
Event: 24.274 GC heap after
{Heap after GC invocations=23 (full 0):
 garbage-first heap   total 122880K, used 72015K [0x0000000080000000, 0x0000000100000000)
  region size 1024K, 4 young (4096K), 4 survivors (4096K)
 Metaspace       used 49576K, committed 50240K, reserved 1114112K
  class space    used 7164K, committed 7488K, reserved 1048576K
}
Event: 24.906 GC heap before
{Heap before GC invocations=24 (full 0):
 garbage-first heap   total 128000K, used 102735K [0x0000000080000000, 0x0000000100000000)
  region size 1024K, 30 young (30720K), 4 survivors (4096K)
 Metaspace       used 53528K, committed 54144K, reserved 1114112K
  class space    used 7617K, committed 7936K, reserved 1048576K
}
Event: 24.912 GC heap after
{Heap after GC invocations=25 (full 0):
 garbage-first heap   total 128000K, used 77005K [0x0000000080000000, 0x0000000100000000)
  region size 1024K, 3 young (3072K), 3 survivors (3072K)
 Metaspace       used 53528K, committed 54144K, reserved 1114112K
  class space    used 7617K, committed 7936K, reserved 1048576K
}
Event: 24.964 GC heap before
{Heap before GC invocations=25 (full 0):
 garbage-first heap   total 128000K, used 79053K [0x0000000080000000, 0x0000000100000000)
  region size 1024K, 6 young (6144K), 3 survivors (3072K)
 Metaspace       used 53960K, committed 54592K, reserved 1114112K
  class space    used 7668K, committed 8000K, reserved 1048576K
}
Event: 24.969 GC heap after
{Heap after GC invocations=26 (full 0):
 garbage-first heap   total 128000K, used 76715K [0x0000000080000000, 0x0000000100000000)
  region size 1024K, 1 young (1024K), 1 survivors (1024K)
 Metaspace       used 53960K, committed 54592K, reserved 1114112K
  class space    used 7668K, committed 8000K, reserved 1048576K
}
Event: 25.312 GC heap before
{Heap before GC invocations=26 (full 0):
 garbage-first heap   total 128000K, used 96171K [0x0000000080000000, 0x0000000100000000)
  region size 1024K, 21 young (21504K), 1 survivors (1024K)
 Metaspace       used 57392K, committed 58048K, reserved 1114112K
  class space    used 8125K, committed 8448K, reserved 1048576K
}
Event: 25.316 GC heap after
{Heap after GC invocations=27 (full 0):
 garbage-first heap   total 256000K, used 76975K [0x0000000080000000, 0x0000000100000000)
  region size 1024K, 1 young (1024K), 1 survivors (1024K)
 Metaspace       used 57392K, committed 58048K, reserved 1114112K
  class space    used 8125K, committed 8448K, reserved 1048576K
}

Dll operation events (13 events):
Event: 0.009 Loaded shared library C:\Users\ishenaly\.jdks\corretto-17.0.10\bin\java.dll
Event: 0.058 Loaded shared library C:\Users\ishenaly\.jdks\corretto-17.0.10\bin\jsvml.dll
Event: 0.122 Loaded shared library C:\Users\ishenaly\.jdks\corretto-17.0.10\bin\net.dll
Event: 0.125 Loaded shared library C:\Users\ishenaly\.jdks\corretto-17.0.10\bin\nio.dll
Event: 0.164 Loaded shared library C:\Users\ishenaly\.jdks\corretto-17.0.10\bin\zip.dll
Event: 3.546 Loaded shared library C:\Users\ishenaly\.jdks\corretto-17.0.10\bin\jimage.dll
Event: 4.708 Loaded shared library C:\Users\ishenaly\.jdks\corretto-17.0.10\bin\verify.dll
Event: 7.369 Loaded shared library C:\Users\ishenaly\.gradle\native\68d5fa5c4cc2d200863cafc0d521ce42e7d3e7ee720ec0a83991735586a16f82\windows-amd64\native-platform.dll
Event: 7.466 Loaded shared library C:\Users\ishenaly\.gradle\native\e376f236ea51e6404a007f0833ffe2c6e607c4080706a723a18a27aeea778392\windows-amd64\native-platform-file-events.dll
Event: 13.590 Loaded shared library C:\Users\ishenaly\.jdks\corretto-17.0.10\bin\management.dll
Event: 13.596 Loaded shared library C:\Users\ishenaly\.jdks\corretto-17.0.10\bin\management_ext.dll
Event: 13.952 Loaded shared library C:\Users\ishenaly\.jdks\corretto-17.0.10\bin\extnet.dll
Event: 14.302 Loaded shared library C:\Users\ishenaly\.jdks\corretto-17.0.10\bin\sunmscapi.dll

Deoptimization events (20 events):
Event: 25.562 Thread 0x0000019b85b8dab0 DEOPT PACKING pc=0x0000019b2a0aa308 sp=0x000000021b4f5690
Event: 25.562 Thread 0x0000019b85b8dab0 DEOPT UNPACKING pc=0x0000019b312a7143 sp=0x000000021b4f4b98 mode 0
Event: 25.583 Thread 0x0000019b85b8dab0 Uncommon trap: trap_request=0xffffff45 fr.pc=0x0000019b318316b0 relative=0x0000000000000650
Event: 25.583 Thread 0x0000019b85b8dab0 Uncommon trap: reason=unstable_if action=reinterpret pc=0x0000019b318316b0 method=java.util.zip.ZipCoder.hash(Ljava/lang/String;)I @ 23 c2
Event: 25.583 Thread 0x0000019b85b8dab0 DEOPT PACKING pc=0x0000019b318316b0 sp=0x000000021b4f5850
Event: 25.583 Thread 0x0000019b85b8dab0 DEOPT UNPACKING pc=0x0000019b312a69a3 sp=0x000000021b4f5760 mode 2
Event: 25.583 Thread 0x0000019b85b8dab0 Uncommon trap: trap_request=0xffffff45 fr.pc=0x0000019b31a88790 relative=0x0000000000000090
Event: 25.583 Thread 0x0000019b85b8dab0 Uncommon trap: reason=unstable_if action=reinterpret pc=0x0000019b31a88790 method=java.util.zip.ZipCoder$UTF8ZipCoder.hasTrailingSlash([BI)Z @ 11 c2
Event: 25.583 Thread 0x0000019b85b8dab0 DEOPT PACKING pc=0x0000019b31a88790 sp=0x000000021b4f5890
Event: 25.583 Thread 0x0000019b85b8dab0 DEOPT UNPACKING pc=0x0000019b312a69a3 sp=0x000000021b4f5810 mode 2
Event: 25.584 Thread 0x0000019b85b8dab0 Uncommon trap: trap_request=0xffffff45 fr.pc=0x0000019b31859c28 relative=0x0000000000002168
Event: 25.584 Thread 0x0000019b85b8dab0 Uncommon trap: reason=unstable_if action=reinterpret pc=0x0000019b31859c28 method=org.jetbrains.kotlin.com.intellij.openapi.vfs.impl.jar.CoreJarHandler.getOrCreateFile(Lorg/jetbrains/kotlin/com/intellij/openapi/vfs/impl/ArchiveHandler$EntryInfo;Ljava/util
Event: 25.584 Thread 0x0000019b85b8dab0 DEOPT PACKING pc=0x0000019b31859c28 sp=0x000000021b4f5c60
Event: 25.584 Thread 0x0000019b85b8dab0 DEOPT UNPACKING pc=0x0000019b312a69a3 sp=0x000000021b4f5c70 mode 2
Event: 25.800 Thread 0x0000019b85b8dab0 DEOPT PACKING pc=0x0000019b2a0d91dc sp=0x000000021b4f52d0
Event: 25.800 Thread 0x0000019b85b8dab0 DEOPT UNPACKING pc=0x0000019b312a7143 sp=0x000000021b4f4850 mode 0
Event: 25.837 Thread 0x0000019b85b8dab0 Uncommon trap: trap_request=0xffffff45 fr.pc=0x0000019b3182ac84 relative=0x0000000000000264
Event: 25.837 Thread 0x0000019b85b8dab0 Uncommon trap: reason=unstable_if action=reinterpret pc=0x0000019b3182ac84 method=java.util.zip.ZipCoder.hash(Ljava/lang/String;)I @ 23 c2
Event: 25.837 Thread 0x0000019b85b8dab0 DEOPT PACKING pc=0x0000019b3182ac84 sp=0x000000021b4f57c0
Event: 25.837 Thread 0x0000019b85b8dab0 DEOPT UNPACKING pc=0x0000019b312a69a3 sp=0x000000021b4f5758 mode 2

Classes unloaded (0 events):
No events

Classes redefined (0 events):
No events

Internal exceptions (20 events):
Event: 22.392 Thread 0x0000019b85b8dab0 Exception <a 'java/lang/NoSuchMethodError'{0x00000000865897f0}: 'java.lang.Object java.lang.invoke.DirectMethodHandle$Holder.invokeStatic(java.lang.Object, java.lang.Object, java.lang.Object, java.lang.Object, java.lang.Object, java.lang.Object, java.lang.Object, java.lang.Object, java.lang.Object, java.lang.Object, java.lang.Object, java.lang.Object, java.lang.Object, java.lang.Object, java.lang.Object, java.lang.Object, java.lang.Object, java.lang.Object, java.lang.Object, java.lang.Object, java.lang.Obj
Event: 22.395 Thread 0x0000019b85b8dab0 Exception <a 'java/lang/NoSuchMethodError'{0x00000000865b82c0}: 'java.lang.Object java.lang.invoke.DirectMethodHandle$Holder.invokeStatic(java.lang.Object, java.lang.Object, java.lang.Object, java.lang.Object, java.lang.Object, java.lang.Object, java.lang.Object, java.lang.Object, java.lang.Object, java.lang.Object, java.lang.Object, java.lang.Object, java.lang.Object, java.lang.Object, java.lang.Object, java.lang.Object, java.lang.Object, java.lang.Object, java.lang.Object, java.lang.Object, java.lang.Obj
Event: 22.614 Thread 0x0000019b85b8dab0 Exception <a 'java/lang/IncompatibleClassChangeError'{0x0000000086c3e0e0}: Found class java.lang.Object, but interface was expected> (0x0000000086c3e0e0) 
thrown [s\src\hotspot\share\interpreter\linkResolver.cpp, line 826]
Event: 22.757 Thread 0x0000019b85b8dab0 Exception <a 'java/lang/IncompatibleClassChangeError'{0x0000000086a73660}: Found class java.lang.Object, but interface was expected> (0x0000000086a73660) 
thrown [s\src\hotspot\share\interpreter\linkResolver.cpp, line 826]
Event: 22.849 Thread 0x0000019b85b8dab0 Exception <a 'java/lang/NoSuchMethodError'{0x00000000867a08c0}: 'java.lang.Object java.lang.invoke.DirectMethodHandle$Holder.invokeStaticInit(java.lang.Object, int)'> (0x00000000867a08c0) 
thrown [s\src\hotspot\share\interpreter\linkResolver.cpp, line 759]
Event: 22.879 Thread 0x0000019b85b8dab0 Exception <a 'java/lang/NoSuchMethodError'{0x00000000866c39b8}: 'int java.lang.invoke.DelegatingMethodHandle$Holder.reinvoke_L(java.lang.Object, java.lang.Object, java.lang.Object, long, int, int)'> (0x00000000866c39b8) 
thrown [s\src\hotspot\share\interpreter\linkResolver.cpp, line 759]
Event: 22.880 Thread 0x0000019b85b8dab0 Exception <a 'java/lang/NoSuchMethodError'{0x00000000866d3588}: 'int java.lang.invoke.DelegatingMethodHandle$Holder.reinvoke_L(java.lang.Object, java.lang.Object, java.lang.Object, long, long, long)'> (0x00000000866d3588) 
thrown [s\src\hotspot\share\interpreter\linkResolver.cpp, line 759]
Event: 22.881 Thread 0x0000019b85b8dab0 Exception <a 'java/lang/NoSuchMethodError'{0x00000000866e3460}: 'int java.lang.invoke.DelegatingMethodHandle$Holder.reinvoke_L(java.lang.Object, java.lang.Object, java.lang.Object, long, java.lang.Object, java.lang.Object)'> (0x00000000866e3460) 
thrown [s\src\hotspot\share\interpreter\linkResolver.cpp, line 759]
Event: 22.882 Thread 0x0000019b85b8dab0 Exception <a 'java/lang/NoSuchMethodError'{0x00000000866f3180}: 'void java.lang.invoke.DelegatingMethodHandle$Holder.reinvoke_L(java.lang.Object, java.lang.Object, java.lang.Object, long, java.lang.Object)'> (0x00000000866f3180) 
thrown [s\src\hotspot\share\interpreter\linkResolver.cpp, line 759]
Event: 22.883 Thread 0x0000019b85b8dab0 Exception <a 'java/lang/NoSuchMethodError'{0x00000000866fba90}: 'java.lang.Object java.lang.invoke.DirectMethodHandle$Holder.invokeSpecial(java.lang.Object, java.lang.Object, java.lang.Object, java.lang.Object, long)'> (0x00000000866fba90) 
thrown [s\src\hotspot\share\interpreter\linkResolver.cpp, line 759]
Event: 22.885 Thread 0x0000019b85b8dab0 Exception <a 'java/lang/NoSuchMethodError'{0x0000000086520cb0}: 'long java.lang.invoke.Invokers$Holder.invoke_MT(java.lang.Object, java.lang.Object, java.lang.Object, java.lang.Object)'> (0x0000000086520cb0) 
thrown [s\src\hotspot\share\interpreter\linkResolver.cpp, line 759]
Event: 22.886 Thread 0x0000019b85b8dab0 Exception <a 'java/lang/NoSuchMethodError'{0x0000000086529db0}: 'int java.lang.invoke.Invokers$Holder.invoke_MT(java.lang.Object, java.lang.Object, java.lang.Object, java.lang.Object)'> (0x0000000086529db0) 
thrown [s\src\hotspot\share\interpreter\linkResolver.cpp, line 759]
Event: 22.887 Thread 0x0000019b85b8dab0 Exception <a 'java/lang/NoSuchMethodError'{0x000000008653adf8}: 'int java.lang.invoke.DelegatingMethodHandle$Holder.reinvoke_L(java.lang.Object, java.lang.Object, java.lang.Object, long, int)'> (0x000000008653adf8) 
thrown [s\src\hotspot\share\interpreter\linkResolver.cpp, line 759]
Event: 22.889 Thread 0x0000019b85b8dab0 Exception <a 'java/lang/NoSuchMethodError'{0x000000008654e238}: 'java.lang.Object java.lang.invoke.Invokers$Holder.invokeExact_MT(java.lang.Object, java.lang.Object, long, java.lang.Object)'> (0x000000008654e238) 
thrown [s\src\hotspot\share\interpreter\linkResolver.cpp, line 759]
Event: 24.281 Thread 0x0000019b85b8dab0 Exception <a 'java/lang/NoSuchMethodError'{0x0000000087620128}: 'long java.lang.invoke.DirectMethodHandle$Holder.invokeStatic(java.lang.Object)'> (0x0000000087620128) 
thrown [s\src\hotspot\share\interpreter\linkResolver.cpp, line 759]
Event: 24.282 Thread 0x0000019b85b8dab0 Exception <a 'java/lang/NoSuchMethodError'{0x0000000087624d10}: 'long java.lang.invoke.DirectMethodHandle$Holder.invokeStaticInit(java.lang.Object)'> (0x0000000087624d10) 
thrown [s\src\hotspot\share\interpreter\linkResolver.cpp, line 759]
Event: 24.584 Thread 0x0000019b85b8dab0 Implicit null exception at 0x0000019b319b580c to 0x0000019b319b5942
Event: 25.024 Thread 0x0000019b85b8dab0 Exception <a 'java/lang/NoSuchMethodError'{0x00000000877be0c0}: 'void java.lang.invoke.DirectMethodHandle$Holder.invokeVirtual(java.lang.Object, java.lang.Object)'> (0x00000000877be0c0) 
thrown [s\src\hotspot\share\interpreter\linkResolver.cpp, line 759]
Event: 25.269 Thread 0x0000019b85b8dab0 Exception <a 'java/lang/NoSuchMethodError'{0x00000000869eb668}: 'java.lang.Object java.lang.invoke.Invokers$Holder.invoke_MT(java.lang.Object, java.lang.Object, java.lang.Object)'> (0x00000000869eb668) 
thrown [s\src\hotspot\share\interpreter\linkResolver.cpp, line 759]
Event: 25.584 Thread 0x0000019b85b8dab0 Implicit null exception at 0x0000019b31857c67 to 0x0000019b31859bf0

VM Operations (20 events):
Event: 24.398 Executing VM operation: G1PauseCleanup
Event: 24.398 Executing VM operation: G1PauseCleanup done
Event: 24.733 Executing VM operation: HandshakeAllThreads
Event: 24.733 Executing VM operation: HandshakeAllThreads done
Event: 24.905 Executing VM operation: G1CollectForAllocation
Event: 24.912 Executing VM operation: G1CollectForAllocation done
Event: 24.964 Executing VM operation: G1CollectForAllocation
Event: 24.969 Executing VM operation: G1CollectForAllocation done
Event: 25.133 Executing VM operation: HandshakeAllThreads
Event: 25.133 Executing VM operation: HandshakeAllThreads done
Event: 25.301 Executing VM operation: HandshakeAllThreads
Event: 25.301 Executing VM operation: HandshakeAllThreads done
Event: 25.312 Executing VM operation: G1TryInitiateConcMark
Event: 25.316 Executing VM operation: G1TryInitiateConcMark done
Event: 25.408 Executing VM operation: HandshakeAllThreads
Event: 25.408 Executing VM operation: HandshakeAllThreads done
Event: 25.420 Executing VM operation: HandshakeAllThreads
Event: 25.420 Executing VM operation: HandshakeAllThreads done
Event: 25.442 Executing VM operation: HandshakeAllThreads
Event: 25.442 Executing VM operation: HandshakeAllThreads done

Events (20 events):
Event: 25.449 Thread 0x0000019b3fe01b80 flushing nmethod 0x0000019b2a673990
Event: 25.449 Thread 0x0000019b3fe01b80 flushing nmethod 0x0000019b2a69e790
Event: 25.449 Thread 0x0000019b3fe01b80 flushing nmethod 0x0000019b2a6a0f90
Event: 25.449 Thread 0x0000019b3fe01b80 flushing nmethod 0x0000019b2a6a2310
Event: 25.450 Thread 0x0000019b3fe01b80 flushing nmethod 0x0000019b2a6a9910
Event: 25.450 Thread 0x0000019b3fe01b80 flushing nmethod 0x0000019b2a6acb90
Event: 25.450 Thread 0x0000019b3fe01b80 flushing nmethod 0x0000019b2a6b4810
Event: 25.450 Thread 0x0000019b3fe01b80 flushing nmethod 0x0000019b2a6b9810
Event: 25.450 Thread 0x0000019b3fe01b80 flushing nmethod 0x0000019b2a6ba290
Event: 25.450 Thread 0x0000019b3fe01b80 flushing nmethod 0x0000019b2a6bb110
Event: 25.450 Thread 0x0000019b3fe01b80 flushing nmethod 0x0000019b2a6bb510
Event: 25.450 Thread 0x0000019b3fe01b80 flushing nmethod 0x0000019b2a6bbc90
Event: 25.450 Thread 0x0000019b3fe01b80 flushing nmethod 0x0000019b2a6c7690
Event: 25.450 Thread 0x0000019b3fe01b80 flushing nmethod 0x0000019b2a6c7e90
Event: 25.450 Thread 0x0000019b3fe01b80 flushing nmethod 0x0000019b2a721a90
Event: 25.450 Thread 0x0000019b3fe01b80 flushing nmethod 0x0000019b2a722510
Event: 25.450 Thread 0x0000019b3fe01b80 flushing nmethod 0x0000019b2a727c10
Event: 25.450 Thread 0x0000019b3fe01b80 flushing nmethod 0x0000019b2a739990
Event: 25.450 Thread 0x0000019b3fe01b80 flushing nmethod 0x0000019b2a73af90
Event: 25.450 Thread 0x0000019b3fe01b80 flushing nmethod 0x0000019b2a73cb90


Dynamic libraries:
0x00007ff6d0bf0000 - 0x00007ff6d0bfe000 	C:\Users\ishenaly\.jdks\corretto-17.0.10\bin\java.exe
0x00007ffa3cdd0000 - 0x00007ffa3cfe7000 	C:\WINDOWS\SYSTEM32\ntdll.dll
0x00007ffa3c040000 - 0x00007ffa3c104000 	C:\WINDOWS\System32\KERNEL32.DLL
0x00007ffa3a110000 - 0x00007ffa3a4b6000 	C:\WINDOWS\System32\KERNELBASE.dll
0x00007ffa3a610000 - 0x00007ffa3a721000 	C:\WINDOWS\System32\ucrtbase.dll
0x00007ffa055c0000 - 0x00007ffa055d7000 	C:\Users\ishenaly\.jdks\corretto-17.0.10\bin\jli.dll
0x00007ffa03260000 - 0x00007ffa0327b000 	C:\Users\ishenaly\.jdks\corretto-17.0.10\bin\VCRUNTIME140.dll
0x00007ffa3c8b0000 - 0x00007ffa3ca5e000 	C:\WINDOWS\System32\USER32.dll
0x00007ffa3a4c0000 - 0x00007ffa3a4e6000 	C:\WINDOWS\System32\win32u.dll
0x00007ffa23da0000 - 0x00007ffa24033000 	C:\WINDOWS\WinSxS\amd64_microsoft.windows.common-controls_6595b64144ccf1df_6.0.22621.2506_none_270c5ae97388e100\COMCTL32.dll
0x00007ffa3cd60000 - 0x00007ffa3cd89000 	C:\WINDOWS\System32\GDI32.dll
0x00007ffa3c4a0000 - 0x00007ffa3c547000 	C:\WINDOWS\System32\msvcrt.dll
0x00007ffa3a990000 - 0x00007ffa3aaa8000 	C:\WINDOWS\System32\gdi32full.dll
0x00007ffa3a570000 - 0x00007ffa3a60a000 	C:\WINDOWS\System32\msvcp_win.dll
0x00007ffa3b1d0000 - 0x00007ffa3b201000 	C:\WINDOWS\System32\IMM32.DLL
0x00007ffa05540000 - 0x00007ffa0554c000 	C:\Users\ishenaly\.jdks\corretto-17.0.10\bin\vcruntime140_1.dll
0x00007ffa031d0000 - 0x00007ffa0325d000 	C:\Users\ishenaly\.jdks\corretto-17.0.10\bin\msvcp140.dll
0x00007ff989620000 - 0x00007ff98a282000 	C:\Users\ishenaly\.jdks\corretto-17.0.10\bin\server\jvm.dll
0x00007ffa3b220000 - 0x00007ffa3b2d3000 	C:\WINDOWS\System32\ADVAPI32.dll
0x00007ffa3afb0000 - 0x00007ffa3b058000 	C:\WINDOWS\System32\sechost.dll
0x00007ffa3a960000 - 0x00007ffa3a988000 	C:\WINDOWS\System32\bcrypt.dll
0x00007ffa3b380000 - 0x00007ffa3b497000 	C:\WINDOWS\System32\RPCRT4.dll
0x00007ffa39fe0000 - 0x00007ffa3a02d000 	C:\WINDOWS\SYSTEM32\POWRPROF.dll
0x00007ffa22610000 - 0x00007ffa22619000 	C:\WINDOWS\SYSTEM32\WSOCK32.dll
0x00007ffa3cbb0000 - 0x00007ffa3cc21000 	C:\WINDOWS\System32\WS2_32.dll
0x00007ffa310d0000 - 0x00007ffa31104000 	C:\WINDOWS\SYSTEM32\WINMM.dll
0x00007ffa30b70000 - 0x00007ffa30b7a000 	C:\WINDOWS\SYSTEM32\VERSION.dll
0x00007ffa39fc0000 - 0x00007ffa39fd3000 	C:\WINDOWS\SYSTEM32\UMPDC.dll
0x00007ffa39140000 - 0x00007ffa39158000 	C:\WINDOWS\SYSTEM32\kernel.appcore.dll
0x00007ffa031c0000 - 0x00007ffa031ca000 	C:\Users\ishenaly\.jdks\corretto-17.0.10\bin\jimage.dll
0x00007ffa2fdd0000 - 0x00007ffa30003000 	C:\WINDOWS\SYSTEM32\DBGHELP.DLL
0x00007ffa3c110000 - 0x00007ffa3c499000 	C:\WINDOWS\System32\combase.dll
0x00007ffa3b6b0000 - 0x00007ffa3b787000 	C:\WINDOWS\System32\OLEAUT32.dll
0x00007ffa2f540000 - 0x00007ffa2f572000 	C:\WINDOWS\SYSTEM32\dbgcore.DLL
0x00007ffa3a4f0000 - 0x00007ffa3a56a000 	C:\WINDOWS\System32\bcryptPrimitives.dll
0x00007ffa02480000 - 0x00007ffa024a5000 	C:\Users\ishenaly\.jdks\corretto-17.0.10\bin\java.dll
0x00007ff9fcff0000 - 0x00007ff9fd0c7000 	C:\Users\ishenaly\.jdks\corretto-17.0.10\bin\jsvml.dll
0x00007ffa3b790000 - 0x00007ffa3bfea000 	C:\WINDOWS\System32\SHELL32.dll
0x00007ffa38030000 - 0x00007ffa38926000 	C:\WINDOWS\SYSTEM32\windows.storage.dll
0x00007ffa37ef0000 - 0x00007ffa3802e000 	C:\WINDOWS\SYSTEM32\wintypes.dll
0x00007ffa3cc30000 - 0x00007ffa3cd23000 	C:\WINDOWS\System32\SHCORE.dll
0x00007ffa3b500000 - 0x00007ffa3b55e000 	C:\WINDOWS\System32\shlwapi.dll
0x00007ffa3a040000 - 0x00007ffa3a066000 	C:\WINDOWS\SYSTEM32\profapi.dll
0x00007ffa02460000 - 0x00007ffa02479000 	C:\Users\ishenaly\.jdks\corretto-17.0.10\bin\net.dll
0x00007ffa32e40000 - 0x00007ffa32f77000 	C:\WINDOWS\SYSTEM32\WINHTTP.dll
0x00007ffa395c0000 - 0x00007ffa39629000 	C:\WINDOWS\system32\mswsock.dll
0x00007ffa02100000 - 0x00007ffa02116000 	C:\Users\ishenaly\.jdks\corretto-17.0.10\bin\nio.dll
0x00007ffa020e0000 - 0x00007ffa020f8000 	C:\Users\ishenaly\.jdks\corretto-17.0.10\bin\zip.dll
0x00007ffa02c00000 - 0x00007ffa02c10000 	C:\Users\ishenaly\.jdks\corretto-17.0.10\bin\verify.dll
0x00007ffa03190000 - 0x00007ffa031b7000 	C:\Users\ishenaly\.gradle\native\68d5fa5c4cc2d200863cafc0d521ce42e7d3e7ee720ec0a83991735586a16f82\windows-amd64\native-platform.dll
0x00007ff9d5f50000 - 0x00007ff9d6094000 	C:\Users\ishenaly\.gradle\native\e376f236ea51e6404a007f0833ffe2c6e607c4080706a723a18a27aeea778392\windows-amd64\native-platform-file-events.dll
0x00007ffa01e00000 - 0x00007ffa01e09000 	C:\Users\ishenaly\.jdks\corretto-17.0.10\bin\management.dll
0x00007ffa01cf0000 - 0x00007ffa01cfb000 	C:\Users\ishenaly\.jdks\corretto-17.0.10\bin\management_ext.dll
0x00007ffa3cd30000 - 0x00007ffa3cd38000 	C:\WINDOWS\System32\PSAPI.DLL
0x00007ffa39820000 - 0x00007ffa3983b000 	C:\WINDOWS\SYSTEM32\CRYPTSP.dll
0x00007ffa390a0000 - 0x00007ffa390d5000 	C:\WINDOWS\system32\rsaenh.dll
0x00007ffa396b0000 - 0x00007ffa396dc000 	C:\WINDOWS\SYSTEM32\USERENV.dll
0x00007ffa39810000 - 0x00007ffa3981c000 	C:\WINDOWS\SYSTEM32\CRYPTBASE.dll
0x00007ffa38bd0000 - 0x00007ffa38bfd000 	C:\WINDOWS\SYSTEM32\IPHLPAPI.DLL
0x00007ffa3b370000 - 0x00007ffa3b379000 	C:\WINDOWS\System32\NSI.dll
0x00007ffa32e20000 - 0x00007ffa32e39000 	C:\WINDOWS\SYSTEM32\dhcpcsvc6.DLL
0x00007ffa32e00000 - 0x00007ffa32e1f000 	C:\WINDOWS\SYSTEM32\dhcpcsvc.DLL
0x00007ffa38c00000 - 0x00007ffa38cf9000 	C:\WINDOWS\SYSTEM32\DNSAPI.dll
0x00007ffa01b00000 - 0x00007ffa01b09000 	C:\Users\ishenaly\.jdks\corretto-17.0.10\bin\extnet.dll
0x00007ffa01210000 - 0x00007ffa0121e000 	C:\Users\ishenaly\.jdks\corretto-17.0.10\bin\sunmscapi.dll
0x00007ffa3a7f0000 - 0x00007ffa3a956000 	C:\WINDOWS\System32\CRYPT32.dll
0x00007ffa399d0000 - 0x00007ffa399fe000 	C:\WINDOWS\SYSTEM32\ncrypt.dll
0x00007ffa39990000 - 0x00007ffa399c7000 	C:\WINDOWS\SYSTEM32\NTASN1.dll
0x00007ffa2fa20000 - 0x00007ffa2fa28000 	C:\WINDOWS\system32\wshunix.dll

dbghelp: loaded successfully - version: 4.0.5 - missing functions: none
symbol engine: initialized successfully - sym options: 0x614 - pdb path: .;C:\Users\ishenaly\.jdks\corretto-17.0.10\bin;C:\WINDOWS\SYSTEM32;C:\WINDOWS\WinSxS\amd64_microsoft.windows.common-controls_6595b64144ccf1df_6.0.22621.2506_none_270c5ae97388e100;C:\Users\ishenaly\.jdks\corretto-17.0.10\bin\server;C:\Users\ishenaly\.gradle\native\68d5fa5c4cc2d200863cafc0d521ce42e7d3e7ee720ec0a83991735586a16f82\windows-amd64;C:\Users\ishenaly\.gradle\native\e376f236ea51e6404a007f0833ffe2c6e607c4080706a723a18a27aeea778392\windows-amd64

VM Arguments:
jvm_args: --add-opens=java.base/java.util=ALL-UNNAMED --add-opens=java.base/java.lang=ALL-UNNAMED --add-opens=java.base/java.lang.invoke=ALL-UNNAMED --add-opens=java.prefs/java.util.prefs=ALL-UNNAMED --add-opens=java.base/java.nio.charset=ALL-UNNAMED --add-opens=java.base/java.net=ALL-UNNAMED --add-opens=java.base/java.util.concurrent.atomic=ALL-UNNAMED -Xmx2048m -Dfile.encoding=UTF-8 -Duser.country=RU -Duser.language=ru -Duser.variant 
java_command: org.gradle.launcher.daemon.bootstrap.GradleDaemon 8.0
java_class_path (initial): C:\Users\ishenaly\.gradle\wrapper\dists\gradle-8.0-bin\ca5e32bp14vu59qr306oxotwh\gradle-8.0\lib\gradle-launcher-8.0.jar
Launcher Type: SUN_STANDARD

[Global flags]
     intx CICompilerCount                          = 3                                         {product} {ergonomic}
     uint ConcGCThreads                            = 1                                         {product} {ergonomic}
     uint G1ConcRefinementThreads                  = 4                                         {product} {ergonomic}
   size_t G1HeapRegionSize                         = 1048576                                   {product} {ergonomic}
    uintx GCDrainStackTargetSize                   = 64                                        {product} {ergonomic}
   size_t InitialHeapSize                          = 100663296                                 {product} {ergonomic}
   size_t MarkStackSize                            = 4194304                                   {product} {ergonomic}
   size_t MaxHeapSize                              = 2147483648                                {product} {command line}
   size_t MaxNewSize                               = 1287651328                                {product} {ergonomic}
   size_t MinHeapDeltaBytes                        = 1048576                                   {product} {ergonomic}
   size_t MinHeapSize                              = 8388608                                   {product} {ergonomic}
    uintx NonNMethodCodeHeapSize                   = 5832780                                {pd product} {ergonomic}
    uintx NonProfiledCodeHeapSize                  = 122912730                              {pd product} {ergonomic}
    uintx ProfiledCodeHeapSize                     = 122912730                              {pd product} {ergonomic}
    uintx ReservedCodeCacheSize                    = 251658240                              {pd product} {ergonomic}
     bool SegmentedCodeCache                       = true                                      {product} {ergonomic}
   size_t SoftMaxHeapSize                          = 2147483648                             {manageable} {ergonomic}
     bool UseCompressedClassPointers               = true                           {product lp64_product} {ergonomic}
     bool UseCompressedOops                        = true                           {product lp64_product} {ergonomic}
     bool UseG1GC                                  = true                                      {product} {ergonomic}
     bool UseLargePagesIndividualAllocation        = false                                  {pd product} {ergonomic}

Logging:
Log output configuration:
 #0: stdout all=warning uptime,level,tags
 #1: stderr all=off uptime,level,tags

Environment Variables:
JAVA_HOME=C:\Program Files\Java\jdk-17
PATH=C:\Users\ishenaly\develop\ffmpeg\bin;C:\Users\ishenaly\develop\maven\apache-maven-3.9.6\bin;C:\Program Files\Java\jdk-17\bin;C:\WINDOWS\system32\cmd.exe;;C:\Users\ishenaly\AppData\Local\Programs\Microsoft VS Code\bin
USERNAME=ishenaly
OS=Windows_NT
PROCESSOR_IDENTIFIER=AMD64 Family 23 Model 24 Stepping 1, AuthenticAMD
TMP=C:\Users\ishenaly\AppData\Local\Temp
TEMP=C:\Users\ishenaly\AppData\Local\Temp



Periodic native trim disabled


---------------  S Y S T E M  ---------------

OS:
 Windows 11 , 64 bit Build 22621 (10.0.22621.2506)
OS uptime: 18 days 19:28 hours

CPU: total 4 (initial active 4) (4 cores per cpu, 2 threads per core) family 23 model 24 stepping 1 microcode 0x0, cx8, cmov, fxsr, ht, mmx, 3dnowpref, sse, sse2, sse3, ssse3, sse4a, sse4.1, sse4.2, popcnt, lzcnt, tsc, tscinvbit, avx, avx2, aes, clmul, bmi1, bmi2, adx, sha, fma, vzeroupper, clflush, clflushopt
Processor Information for all 4 processors :
  Max Mhz: 2600, Current Mhz: 2600, Mhz Limit: 2600

Memory: 4k page, system-wide physical 6081M (212M free)
TotalPageFile size 24513M (AvailPageFile size 7M)
current process WorkingSet (physical memory assigned to process): 326M, peak: 326M
current process commit charge ("private bytes"): 457M, peak: 458M

vm_info: OpenJDK 64-Bit Server VM (17.0.10+7-LTS) for windows-amd64 JRE (17.0.10+7-LTS), built on Jan 10 2024 22:11:07 by "Administrator" with MS VC++ 16.10 / 16.11 (VS2019)

END.
